[2023-06-25 15:51:48] [WARN ] org.hyperledger.fabric.sdk.Channel.getConfigBlock(Channel.java:871) org.hyperledger.fabric.sdk.Channel - getConfigBlock for channel mychannel failed with peer peer0.org2.example.com.  Status FAILURE, details: Channel Channel{id: 3, name: mychannel} Sending proposal with transaction: b9894d6f2fa263a17618aaec11f3662cf0c17f925ad5000cdaa6726695af1acf to Peer{ id: 2, name: peer0.org2.example.com, channelName: mychannel, url: grpcs://peer0.org2.example.com:9051} failed because of: gRPC failure=Status{code=UNAVAILABLE, description=Unable to resolve host peer0.org2.example.com, cause=java.lang.RuntimeException: java.net.UnknownHostException: peer0.org2.example.com
	at io.grpc.internal.DnsNameResolver.resolveAll(DnsNameResolver.java:399)
	at io.grpc.internal.DnsNameResolver$Resolve.resolveInternal(DnsNameResolver.java:269)
	at io.grpc.internal.DnsNameResolver$Resolve.run(DnsNameResolver.java:225)
	at java.util.concurrent.ThreadPoolExecutor.runWorker(ThreadPoolExecutor.java:1149)
	at java.util.concurrent.ThreadPoolExecutor$Worker.run(ThreadPoolExecutor.java:624)
	at java.lang.Thread.run(Thread.java:750)
Caused by: java.net.UnknownHostException: peer0.org2.example.com
	at java.net.Inet6AddressImpl.lookupAllHostAddr(Native Method)
	at java.net.InetAddress$2.lookupAllHostAddr(InetAddress.java:929)
	at java.net.InetAddress.getAddressesFromNameService(InetAddress.java:1324)
	at java.net.InetAddress.getAllByName0(InetAddress.java:1277)
	at java.net.InetAddress.getAllByName(InetAddress.java:1193)
	at java.net.InetAddress.getAllByName(InetAddress.java:1127)
	at io.grpc.internal.DnsNameResolver$JdkAddressResolver.resolveAddress(DnsNameResolver.java:624)
	at io.grpc.internal.DnsNameResolver.resolveAll(DnsNameResolver.java:367)
	... 5 more
}
[2023-06-25 15:51:48] [ERROR] org.hyperledger.fabric.sdk.Channel.sendProposalToPeers(Channel.java:4140) org.hyperledger.fabric.sdk.Channel - Channel Channel{id: 3, name: mychannel} Sending proposal with transaction: b9894d6f2fa263a17618aaec11f3662cf0c17f925ad5000cdaa6726695af1acf to Peer{ id: 1, name: peer0.org1.example.com, channelName: mychannel, url: grpcs://peer0.org1.example.com:7051} failed because of: gRPC failure=Status{code=UNAVAILABLE, description=Unable to resolve host peer0.org1.example.com, cause=java.lang.RuntimeException: java.net.UnknownHostException: peer0.org1.example.com
	at io.grpc.internal.DnsNameResolver.resolveAll(DnsNameResolver.java:399)
	at io.grpc.internal.DnsNameResolver$Resolve.resolveInternal(DnsNameResolver.java:269)
	at io.grpc.internal.DnsNameResolver$Resolve.run(DnsNameResolver.java:225)
	at java.util.concurrent.ThreadPoolExecutor.runWorker(ThreadPoolExecutor.java:1149)
	at java.util.concurrent.ThreadPoolExecutor$Worker.run(ThreadPoolExecutor.java:624)
	at java.lang.Thread.run(Thread.java:750)
Caused by: java.net.UnknownHostException: peer0.org1.example.com
	at java.net.Inet6AddressImpl.lookupAllHostAddr(Native Method)
	at java.net.InetAddress$2.lookupAllHostAddr(InetAddress.java:929)
	at java.net.InetAddress.getAddressesFromNameService(InetAddress.java:1324)
	at java.net.InetAddress.getAllByName0(InetAddress.java:1277)
	at java.net.InetAddress.getAllByName(InetAddress.java:1193)
	at java.net.InetAddress.getAllByName(InetAddress.java:1127)
	at io.grpc.internal.DnsNameResolver$JdkAddressResolver.resolveAddress(DnsNameResolver.java:624)
	at io.grpc.internal.DnsNameResolver.resolveAll(DnsNameResolver.java:367)
	... 5 more
}
java.lang.Exception: io.grpc.StatusRuntimeException: UNAVAILABLE: Unable to resolve host peer0.org1.example.com
	at org.hyperledger.fabric.sdk.Channel.sendProposalToPeers(Channel.java:4140) ~[fabric-sdk-java-1.4.0.jar:?]
	at org.hyperledger.fabric.sdk.Channel.getConfigBlock(Channel.java:858) ~[fabric-sdk-java-1.4.0.jar:?]
	at org.hyperledger.fabric.sdk.Channel.parseConfigBlock(Channel.java:1781) ~[fabric-sdk-java-1.4.0.jar:?]
	at org.hyperledger.fabric.sdk.Channel.loadCACertificates(Channel.java:1618) ~[fabric-sdk-java-1.4.0.jar:?]
	at org.hyperledger.fabric.sdk.Channel.sendProposalToPeers(Channel.java:4059) ~[fabric-sdk-java-1.4.0.jar:?]
	at org.hyperledger.fabric.sdk.Channel.sendProposal(Channel.java:4032) ~[fabric-sdk-java-1.4.0.jar:?]
	at org.hyperledger.fabric.sdk.Channel.queryByChaincode(Channel.java:3942) ~[fabric-sdk-java-1.4.0.jar:?]
	at org.hyperledger.fabric.sdk.Channel.queryByChaincode(Channel.java:3928) ~[fabric-sdk-java-1.4.0.jar:?]
	at com.sansec.fabrictest.sdk.FabricClient.queryChaincode(FabricClient.java:234) ~[classes/:?]
	at com.sansec.fabrictest.sdk.SdkMain.queryChaincode(SdkMain.java:218) ~[classes/:?]
	at com.sansec.fabrictest.sdk.SdkMain.main(SdkMain.java:62) ~[classes/:?]
Caused by: io.grpc.StatusRuntimeException: UNAVAILABLE: Unable to resolve host peer0.org1.example.com
	at io.grpc.Status.asRuntimeException(Status.java:530) ~[grpc-core-1.17.1.jar:1.17.1]
	at io.grpc.stub.ClientCalls$UnaryStreamToFuture.onClose(ClientCalls.java:482) ~[grpc-stub-1.17.1.jar:1.17.1]
	at io.grpc.PartialForwardingClientCallListener.onClose(PartialForwardingClientCallListener.java:39) ~[grpc-core-1.17.1.jar:1.17.1]
	at io.grpc.ForwardingClientCallListener.onClose(ForwardingClientCallListener.java:23) ~[grpc-core-1.17.1.jar:1.17.1]
	at io.grpc.ForwardingClientCallListener$SimpleForwardingClientCallListener.onClose(ForwardingClientCallListener.java:40) ~[grpc-core-1.17.1.jar:1.17.1]
	at io.grpc.internal.CensusStatsModule$StatsClientInterceptor$1$1.onClose(CensusStatsModule.java:694) ~[grpc-core-1.17.1.jar:1.17.1]
	at io.grpc.PartialForwardingClientCallListener.onClose(PartialForwardingClientCallListener.java:39) ~[grpc-core-1.17.1.jar:1.17.1]
	at io.grpc.ForwardingClientCallListener.onClose(ForwardingClientCallListener.java:23) ~[grpc-core-1.17.1.jar:1.17.1]
	at io.grpc.ForwardingClientCallListener$SimpleForwardingClientCallListener.onClose(ForwardingClientCallListener.java:40) ~[grpc-core-1.17.1.jar:1.17.1]
	at io.grpc.internal.CensusTracingModule$TracingClientInterceptor$1$1.onClose(CensusTracingModule.java:397) ~[grpc-core-1.17.1.jar:1.17.1]
	at io.grpc.internal.ClientCallImpl.closeObserver(ClientCallImpl.java:459) ~[grpc-core-1.17.1.jar:1.17.1]
	at io.grpc.internal.ClientCallImpl.access$300(ClientCallImpl.java:63) ~[grpc-core-1.17.1.jar:1.17.1]
	at io.grpc.internal.ClientCallImpl$ClientStreamListenerImpl.close(ClientCallImpl.java:546) ~[grpc-core-1.17.1.jar:1.17.1]
	at io.grpc.internal.ClientCallImpl$ClientStreamListenerImpl.access$600(ClientCallImpl.java:467) ~[grpc-core-1.17.1.jar:1.17.1]
	at io.grpc.internal.ClientCallImpl$ClientStreamListenerImpl$1StreamClosed.runInContext(ClientCallImpl.java:584) ~[grpc-core-1.17.1.jar:1.17.1]
	at io.grpc.internal.ContextRunnable.run(ContextRunnable.java:37) ~[grpc-core-1.17.1.jar:1.17.1]
	at io.grpc.internal.SerializingExecutor.run(SerializingExecutor.java:123) ~[grpc-core-1.17.1.jar:1.17.1]
	at java.util.concurrent.ThreadPoolExecutor.runWorker(ThreadPoolExecutor.java:1149) ~[?:1.8.0_333]
	at java.util.concurrent.ThreadPoolExecutor$Worker.run(ThreadPoolExecutor.java:624) ~[?:1.8.0_333]
	at java.lang.Thread.run(Thread.java:750) ~[?:1.8.0_333]
Caused by: java.lang.RuntimeException: java.net.UnknownHostException: peer0.org1.example.com
	at io.grpc.internal.DnsNameResolver.resolveAll(DnsNameResolver.java:399) ~[grpc-core-1.17.1.jar:1.17.1]
	at io.grpc.internal.DnsNameResolver$Resolve.resolveInternal(DnsNameResolver.java:269) ~[grpc-core-1.17.1.jar:1.17.1]
	at io.grpc.internal.DnsNameResolver$Resolve.run(DnsNameResolver.java:225) ~[grpc-core-1.17.1.jar:1.17.1]
	at java.util.concurrent.ThreadPoolExecutor.runWorker(ThreadPoolExecutor.java:1149) ~[?:1.8.0_333]
	at java.util.concurrent.ThreadPoolExecutor$Worker.run(ThreadPoolExecutor.java:624) ~[?:1.8.0_333]
	at java.lang.Thread.run(Thread.java:750) ~[?:1.8.0_333]
Caused by: java.net.UnknownHostException: peer0.org1.example.com
	at java.net.Inet6AddressImpl.lookupAllHostAddr(Native Method) ~[?:1.8.0_333]
	at java.net.InetAddress$2.lookupAllHostAddr(InetAddress.java:929) ~[?:1.8.0_333]
	at java.net.InetAddress.getAddressesFromNameService(InetAddress.java:1324) ~[?:1.8.0_333]
	at java.net.InetAddress.getAllByName0(InetAddress.java:1277) ~[?:1.8.0_333]
	at java.net.InetAddress.getAllByName(InetAddress.java:1193) ~[?:1.8.0_333]
	at java.net.InetAddress.getAllByName(InetAddress.java:1127) ~[?:1.8.0_333]
	at io.grpc.internal.DnsNameResolver$JdkAddressResolver.resolveAddress(DnsNameResolver.java:624) ~[grpc-core-1.17.1.jar:1.17.1]
	at io.grpc.internal.DnsNameResolver.resolveAll(DnsNameResolver.java:367) ~[grpc-core-1.17.1.jar:1.17.1]
	at io.grpc.internal.DnsNameResolver$Resolve.resolveInternal(DnsNameResolver.java:269) ~[grpc-core-1.17.1.jar:1.17.1]
	at io.grpc.internal.DnsNameResolver$Resolve.run(DnsNameResolver.java:225) ~[grpc-core-1.17.1.jar:1.17.1]
	at java.util.concurrent.ThreadPoolExecutor.runWorker(ThreadPoolExecutor.java:1149) ~[?:1.8.0_333]
	at java.util.concurrent.ThreadPoolExecutor$Worker.run(ThreadPoolExecutor.java:624) ~[?:1.8.0_333]
	at java.lang.Thread.run(Thread.java:750) ~[?:1.8.0_333]
[2023-06-25 15:51:48] [WARN ] org.hyperledger.fabric.sdk.Channel.getConfigBlock(Channel.java:871) org.hyperledger.fabric.sdk.Channel - getConfigBlock for channel mychannel failed with peer peer0.org1.example.com.  Status FAILURE, details: Channel Channel{id: 3, name: mychannel} Sending proposal with transaction: b9894d6f2fa263a17618aaec11f3662cf0c17f925ad5000cdaa6726695af1acf to Peer{ id: 1, name: peer0.org1.example.com, channelName: mychannel, url: grpcs://peer0.org1.example.com:7051} failed because of: gRPC failure=Status{code=UNAVAILABLE, description=Unable to resolve host peer0.org1.example.com, cause=java.lang.RuntimeException: java.net.UnknownHostException: peer0.org1.example.com
	at io.grpc.internal.DnsNameResolver.resolveAll(DnsNameResolver.java:399)
	at io.grpc.internal.DnsNameResolver$Resolve.resolveInternal(DnsNameResolver.java:269)
	at io.grpc.internal.DnsNameResolver$Resolve.run(DnsNameResolver.java:225)
	at java.util.concurrent.ThreadPoolExecutor.runWorker(ThreadPoolExecutor.java:1149)
	at java.util.concurrent.ThreadPoolExecutor$Worker.run(ThreadPoolExecutor.java:624)
	at java.lang.Thread.run(Thread.java:750)
Caused by: java.net.UnknownHostException: peer0.org1.example.com
	at java.net.Inet6AddressImpl.lookupAllHostAddr(Native Method)
	at java.net.InetAddress$2.lookupAllHostAddr(InetAddress.java:929)
	at java.net.InetAddress.getAddressesFromNameService(InetAddress.java:1324)
	at java.net.InetAddress.getAllByName0(InetAddress.java:1277)
	at java.net.InetAddress.getAllByName(InetAddress.java:1193)
	at java.net.InetAddress.getAllByName(InetAddress.java:1127)
	at io.grpc.internal.DnsNameResolver$JdkAddressResolver.resolveAddress(DnsNameResolver.java:624)
	at io.grpc.internal.DnsNameResolver.resolveAll(DnsNameResolver.java:367)
	... 5 more
}
