[2023-06-25 15:51:46] [WARN ] org.hyperledger.fabric.sdk.helper.Config.<init>(Config.java:127) org.hyperledger.fabric.sdk.helper.Config - Failed to load any configuration from: config.properties. Using toolkit defaults
[2023-06-25 15:51:48] [ERROR] org.hyperledger.fabric.sdk.Channel.sendProposalToPeers(Channel.java:4140) org.hyperledger.fabric.sdk.Channel - Channel Channel{id: 3, name: mychannel} Sending proposal with transaction: 5f06fbeb360c4fc578efeed69d626e3cdb60b68e491aa3abe114e40c59f15c19 to Peer{ id: 1, name: peer0.org1.example.com, channelName: mychannel, url: grpcs://peer0.org1.example.com:7051} failed because of: gRPC failure=Status{code=UNAVAILABLE, description=Unable to resolve host peer0.org1.example.com, cause=java.lang.RuntimeException: java.net.UnknownHostException: peer0.org1.example.com
	at io.grpc.internal.DnsNameResolver.resolveAll(DnsNameResolver.java:399)
	at io.grpc.internal.DnsNameResolver$Resolve.resolveInternal(DnsNameResolver.java:269)
	at io.grpc.internal.DnsNameResolver$Resolve.run(DnsNameResolver.java:225)
	at java.util.concurrent.ThreadPoolExecutor.runWorker(ThreadPoolExecutor.java:1149)
	at java.util.concurrent.ThreadPoolExecutor$Worker.run(ThreadPoolExecutor.java:624)
	at java.lang.Thread.run(Thread.java:750)
Caused by: java.net.UnknownHostException: peer0.org1.example.com
	at java.net.Inet6AddressImpl.lookupAllHostAddr(Native Method)
	at java.net.InetAddress$2.lookupAllHostAddr(InetAddress.java:929)
	at java.net.InetAddress.getAddressesFromNameService(InetAddress.java:1324)
	at java.net.InetAddress.getAllByName0(InetAddress.java:1277)
	at java.net.InetAddress.getAllByName(InetAddress.java:1193)
	at java.net.InetAddress.getAllByName(InetAddress.java:1127)
	at io.grpc.internal.DnsNameResolver$JdkAddressResolver.resolveAddress(DnsNameResolver.java:624)
	at io.grpc.internal.DnsNameResolver.resolveAll(DnsNameResolver.java:367)
	... 5 more
}
java.lang.Exception: io.grpc.StatusRuntimeException: UNAVAILABLE: Unable to resolve host peer0.org1.example.com
	at org.hyperledger.fabric.sdk.Channel.sendProposalToPeers(Channel.java:4140) ~[fabric-sdk-java-1.4.0.jar:?]
	at org.hyperledger.fabric.sdk.Channel.getConfigBlock(Channel.java:858) ~[fabric-sdk-java-1.4.0.jar:?]
	at org.hyperledger.fabric.sdk.Channel.parseConfigBlock(Channel.java:1781) ~[fabric-sdk-java-1.4.0.jar:?]
	at org.hyperledger.fabric.sdk.Channel.loadCACertificates(Channel.java:1618) ~[fabric-sdk-java-1.4.0.jar:?]
	at org.hyperledger.fabric.sdk.Channel.initialize(Channel.java:1107) ~[fabric-sdk-java-1.4.0.jar:?]
	at com.sansec.fabrictest.sdk.FabricClient.queryChaincode(FabricClient.java:226) ~[classes/:?]
	at com.sansec.fabrictest.sdk.SdkMain.queryChaincode(SdkMain.java:218) ~[classes/:?]
	at com.sansec.fabrictest.sdk.SdkMain.main(SdkMain.java:62) ~[classes/:?]
Caused by: io.grpc.StatusRuntimeException: UNAVAILABLE: Unable to resolve host peer0.org1.example.com
	at io.grpc.Status.asRuntimeException(Status.java:530) ~[grpc-core-1.17.1.jar:1.17.1]
	at io.grpc.stub.ClientCalls$UnaryStreamToFuture.onClose(ClientCalls.java:482) ~[grpc-stub-1.17.1.jar:1.17.1]
	at io.grpc.PartialForwardingClientCallListener.onClose(PartialForwardingClientCallListener.java:39) ~[grpc-core-1.17.1.jar:1.17.1]
	at io.grpc.ForwardingClientCallListener.onClose(ForwardingClientCallListener.java:23) ~[grpc-core-1.17.1.jar:1.17.1]
	at io.grpc.ForwardingClientCallListener$SimpleForwardingClientCallListener.onClose(ForwardingClientCallListener.java:40) ~[grpc-core-1.17.1.jar:1.17.1]
	at io.grpc.internal.CensusStatsModule$StatsClientInterceptor$1$1.onClose(CensusStatsModule.java:694) ~[grpc-core-1.17.1.jar:1.17.1]
	at io.grpc.PartialForwardingClientCallListener.onClose(PartialForwardingClientCallListener.java:39) ~[grpc-core-1.17.1.jar:1.17.1]
	at io.grpc.ForwardingClientCallListener.onClose(ForwardingClientCallListener.java:23) ~[grpc-core-1.17.1.jar:1.17.1]
	at io.grpc.ForwardingClientCallListener$SimpleForwardingClientCallListener.onClose(ForwardingClientCallListener.java:40) ~[grpc-core-1.17.1.jar:1.17.1]
	at io.grpc.internal.CensusTracingModule$TracingClientInterceptor$1$1.onClose(CensusTracingModule.java:397) ~[grpc-core-1.17.1.jar:1.17.1]
	at io.grpc.internal.ClientCallImpl.closeObserver(ClientCallImpl.java:459) ~[grpc-core-1.17.1.jar:1.17.1]
	at io.grpc.internal.ClientCallImpl.access$300(ClientCallImpl.java:63) ~[grpc-core-1.17.1.jar:1.17.1]
	at io.grpc.internal.ClientCallImpl$ClientStreamListenerImpl.close(ClientCallImpl.java:546) ~[grpc-core-1.17.1.jar:1.17.1]
	at io.grpc.internal.ClientCallImpl$ClientStreamListenerImpl.access$600(ClientCallImpl.java:467) ~[grpc-core-1.17.1.jar:1.17.1]
	at io.grpc.internal.ClientCallImpl$ClientStreamListenerImpl$1StreamClosed.runInContext(ClientCallImpl.java:584) ~[grpc-core-1.17.1.jar:1.17.1]
	at io.grpc.internal.ContextRunnable.run(ContextRunnable.java:37) ~[grpc-core-1.17.1.jar:1.17.1]
	at io.grpc.internal.SerializingExecutor.run(SerializingExecutor.java:123) ~[grpc-core-1.17.1.jar:1.17.1]
	at java.util.concurrent.ThreadPoolExecutor.runWorker(ThreadPoolExecutor.java:1149) ~[?:1.8.0_333]
	at java.util.concurrent.ThreadPoolExecutor$Worker.run(ThreadPoolExecutor.java:624) ~[?:1.8.0_333]
	at java.lang.Thread.run(Thread.java:750) ~[?:1.8.0_333]
Caused by: java.lang.RuntimeException: java.net.UnknownHostException: peer0.org1.example.com
	at io.grpc.internal.DnsNameResolver.resolveAll(DnsNameResolver.java:399) ~[grpc-core-1.17.1.jar:1.17.1]
	at io.grpc.internal.DnsNameResolver$Resolve.resolveInternal(DnsNameResolver.java:269) ~[grpc-core-1.17.1.jar:1.17.1]
	at io.grpc.internal.DnsNameResolver$Resolve.run(DnsNameResolver.java:225) ~[grpc-core-1.17.1.jar:1.17.1]
	at java.util.concurrent.ThreadPoolExecutor.runWorker(ThreadPoolExecutor.java:1149) ~[?:1.8.0_333]
	at java.util.concurrent.ThreadPoolExecutor$Worker.run(ThreadPoolExecutor.java:624) ~[?:1.8.0_333]
	at java.lang.Thread.run(Thread.java:750) ~[?:1.8.0_333]
Caused by: java.net.UnknownHostException: peer0.org1.example.com
	at java.net.Inet6AddressImpl.lookupAllHostAddr(Native Method) ~[?:1.8.0_333]
	at java.net.InetAddress$2.lookupAllHostAddr(InetAddress.java:929) ~[?:1.8.0_333]
	at java.net.InetAddress.getAddressesFromNameService(InetAddress.java:1324) ~[?:1.8.0_333]
	at java.net.InetAddress.getAllByName0(InetAddress.java:1277) ~[?:1.8.0_333]
	at java.net.InetAddress.getAllByName(InetAddress.java:1193) ~[?:1.8.0_333]
	at java.net.InetAddress.getAllByName(InetAddress.java:1127) ~[?:1.8.0_333]
	at io.grpc.internal.DnsNameResolver$JdkAddressResolver.resolveAddress(DnsNameResolver.java:624) ~[grpc-core-1.17.1.jar:1.17.1]
	at io.grpc.internal.DnsNameResolver.resolveAll(DnsNameResolver.java:367) ~[grpc-core-1.17.1.jar:1.17.1]
	at io.grpc.internal.DnsNameResolver$Resolve.resolveInternal(DnsNameResolver.java:269) ~[grpc-core-1.17.1.jar:1.17.1]
	at io.grpc.internal.DnsNameResolver$Resolve.run(DnsNameResolver.java:225) ~[grpc-core-1.17.1.jar:1.17.1]
	at java.util.concurrent.ThreadPoolExecutor.runWorker(ThreadPoolExecutor.java:1149) ~[?:1.8.0_333]
	at java.util.concurrent.ThreadPoolExecutor$Worker.run(ThreadPoolExecutor.java:624) ~[?:1.8.0_333]
	at java.lang.Thread.run(Thread.java:750) ~[?:1.8.0_333]
[2023-06-25 15:51:48] [WARN ] org.hyperledger.fabric.sdk.Channel.getConfigBlock(Channel.java:871) org.hyperledger.fabric.sdk.Channel - getConfigBlock for channel mychannel failed with peer peer0.org1.example.com.  Status FAILURE, details: Channel Channel{id: 3, name: mychannel} Sending proposal with transaction: 5f06fbeb360c4fc578efeed69d626e3cdb60b68e491aa3abe114e40c59f15c19 to Peer{ id: 1, name: peer0.org1.example.com, channelName: mychannel, url: grpcs://peer0.org1.example.com:7051} failed because of: gRPC failure=Status{code=UNAVAILABLE, description=Unable to resolve host peer0.org1.example.com, cause=java.lang.RuntimeException: java.net.UnknownHostException: peer0.org1.example.com
	at io.grpc.internal.DnsNameResolver.resolveAll(DnsNameResolver.java:399)
	at io.grpc.internal.DnsNameResolver$Resolve.resolveInternal(DnsNameResolver.java:269)
	at io.grpc.internal.DnsNameResolver$Resolve.run(DnsNameResolver.java:225)
	at java.util.concurrent.ThreadPoolExecutor.runWorker(ThreadPoolExecutor.java:1149)
	at java.util.concurrent.ThreadPoolExecutor$Worker.run(ThreadPoolExecutor.java:624)
	at java.lang.Thread.run(Thread.java:750)
Caused by: java.net.UnknownHostException: peer0.org1.example.com
	at java.net.Inet6AddressImpl.lookupAllHostAddr(Native Method)
	at java.net.InetAddress$2.lookupAllHostAddr(InetAddress.java:929)
	at java.net.InetAddress.getAddressesFromNameService(InetAddress.java:1324)
	at java.net.InetAddress.getAllByName0(InetAddress.java:1277)
	at java.net.InetAddress.getAllByName(InetAddress.java:1193)
	at java.net.InetAddress.getAllByName(InetAddress.java:1127)
	at io.grpc.internal.DnsNameResolver$JdkAddressResolver.resolveAddress(DnsNameResolver.java:624)
	at io.grpc.internal.DnsNameResolver.resolveAll(DnsNameResolver.java:367)
	... 5 more
}
[2023-06-25 15:51:48] [ERROR] org.hyperledger.fabric.sdk.Channel.sendProposalToPeers(Channel.java:4140) org.hyperledger.fabric.sdk.Channel - Channel Channel{id: 3, name: mychannel} Sending proposal with transaction: 5f06fbeb360c4fc578efeed69d626e3cdb60b68e491aa3abe114e40c59f15c19 to Peer{ id: 2, name: peer0.org2.example.com, channelName: mychannel, url: grpcs://peer0.org2.example.com:9051} failed because of: gRPC failure=Status{code=UNAVAILABLE, description=Unable to resolve host peer0.org2.example.com, cause=java.lang.RuntimeException: java.net.UnknownHostException: peer0.org2.example.com
	at io.grpc.internal.DnsNameResolver.resolveAll(DnsNameResolver.java:399)
	at io.grpc.internal.DnsNameResolver$Resolve.resolveInternal(DnsNameResolver.java:269)
	at io.grpc.internal.DnsNameResolver$Resolve.run(DnsNameResolver.java:225)
	at java.util.concurrent.ThreadPoolExecutor.runWorker(ThreadPoolExecutor.java:1149)
	at java.util.concurrent.ThreadPoolExecutor$Worker.run(ThreadPoolExecutor.java:624)
	at java.lang.Thread.run(Thread.java:750)
Caused by: java.net.UnknownHostException: peer0.org2.example.com
	at java.net.Inet6AddressImpl.lookupAllHostAddr(Native Method)
	at java.net.InetAddress$2.lookupAllHostAddr(InetAddress.java:929)
	at java.net.InetAddress.getAddressesFromNameService(InetAddress.java:1324)
	at java.net.InetAddress.getAllByName0(InetAddress.java:1277)
	at java.net.InetAddress.getAllByName(InetAddress.java:1193)
	at java.net.InetAddress.getAllByName(InetAddress.java:1127)
	at io.grpc.internal.DnsNameResolver$JdkAddressResolver.resolveAddress(DnsNameResolver.java:624)
	at io.grpc.internal.DnsNameResolver.resolveAll(DnsNameResolver.java:367)
	... 5 more
}
java.lang.Exception: io.grpc.StatusRuntimeException: UNAVAILABLE: Unable to resolve host peer0.org2.example.com
	at org.hyperledger.fabric.sdk.Channel.sendProposalToPeers(Channel.java:4140) ~[fabric-sdk-java-1.4.0.jar:?]
	at org.hyperledger.fabric.sdk.Channel.getConfigBlock(Channel.java:858) ~[fabric-sdk-java-1.4.0.jar:?]
	at org.hyperledger.fabric.sdk.Channel.parseConfigBlock(Channel.java:1781) ~[fabric-sdk-java-1.4.0.jar:?]
	at org.hyperledger.fabric.sdk.Channel.loadCACertificates(Channel.java:1618) ~[fabric-sdk-java-1.4.0.jar:?]
	at org.hyperledger.fabric.sdk.Channel.initialize(Channel.java:1107) ~[fabric-sdk-java-1.4.0.jar:?]
	at com.sansec.fabrictest.sdk.FabricClient.queryChaincode(FabricClient.java:226) ~[classes/:?]
	at com.sansec.fabrictest.sdk.SdkMain.queryChaincode(SdkMain.java:218) ~[classes/:?]
	at com.sansec.fabrictest.sdk.SdkMain.main(SdkMain.java:62) ~[classes/:?]
Caused by: io.grpc.StatusRuntimeException: UNAVAILABLE: Unable to resolve host peer0.org2.example.com
	at io.grpc.Status.asRuntimeException(Status.java:530) ~[grpc-core-1.17.1.jar:1.17.1]
	at io.grpc.stub.ClientCalls$UnaryStreamToFuture.onClose(ClientCalls.java:482) ~[grpc-stub-1.17.1.jar:1.17.1]
	at io.grpc.PartialForwardingClientCallListener.onClose(PartialForwardingClientCallListener.java:39) ~[grpc-core-1.17.1.jar:1.17.1]
	at io.grpc.ForwardingClientCallListener.onClose(ForwardingClientCallListener.java:23) ~[grpc-core-1.17.1.jar:1.17.1]
	at io.grpc.ForwardingClientCallListener$SimpleForwardingClientCallListener.onClose(ForwardingClientCallListener.java:40) ~[grpc-core-1.17.1.jar:1.17.1]
	at io.grpc.internal.CensusStatsModule$StatsClientInterceptor$1$1.onClose(CensusStatsModule.java:694) ~[grpc-core-1.17.1.jar:1.17.1]
	at io.grpc.PartialForwardingClientCallListener.onClose(PartialForwardingClientCallListener.java:39) ~[grpc-core-1.17.1.jar:1.17.1]
	at io.grpc.ForwardingClientCallListener.onClose(ForwardingClientCallListener.java:23) ~[grpc-core-1.17.1.jar:1.17.1]
	at io.grpc.ForwardingClientCallListener$SimpleForwardingClientCallListener.onClose(ForwardingClientCallListener.java:40) ~[grpc-core-1.17.1.jar:1.17.1]
	at io.grpc.internal.CensusTracingModule$TracingClientInterceptor$1$1.onClose(CensusTracingModule.java:397) ~[grpc-core-1.17.1.jar:1.17.1]
	at io.grpc.internal.ClientCallImpl.closeObserver(ClientCallImpl.java:459) ~[grpc-core-1.17.1.jar:1.17.1]
	at io.grpc.internal.ClientCallImpl.access$300(ClientCallImpl.java:63) ~[grpc-core-1.17.1.jar:1.17.1]
	at io.grpc.internal.ClientCallImpl$ClientStreamListenerImpl.close(ClientCallImpl.java:546) ~[grpc-core-1.17.1.jar:1.17.1]
	at io.grpc.internal.ClientCallImpl$ClientStreamListenerImpl.access$600(ClientCallImpl.java:467) ~[grpc-core-1.17.1.jar:1.17.1]
	at io.grpc.internal.ClientCallImpl$ClientStreamListenerImpl$1StreamClosed.runInContext(ClientCallImpl.java:584) ~[grpc-core-1.17.1.jar:1.17.1]
	at io.grpc.internal.ContextRunnable.run(ContextRunnable.java:37) ~[grpc-core-1.17.1.jar:1.17.1]
	at io.grpc.internal.SerializingExecutor.run(SerializingExecutor.java:123) ~[grpc-core-1.17.1.jar:1.17.1]
	at java.util.concurrent.ThreadPoolExecutor.runWorker(ThreadPoolExecutor.java:1149) ~[?:1.8.0_333]
	at java.util.concurrent.ThreadPoolExecutor$Worker.run(ThreadPoolExecutor.java:624) ~[?:1.8.0_333]
	at java.lang.Thread.run(Thread.java:750) ~[?:1.8.0_333]
Caused by: java.lang.RuntimeException: java.net.UnknownHostException: peer0.org2.example.com
	at io.grpc.internal.DnsNameResolver.resolveAll(DnsNameResolver.java:399) ~[grpc-core-1.17.1.jar:1.17.1]
	at io.grpc.internal.DnsNameResolver$Resolve.resolveInternal(DnsNameResolver.java:269) ~[grpc-core-1.17.1.jar:1.17.1]
	at io.grpc.internal.DnsNameResolver$Resolve.run(DnsNameResolver.java:225) ~[grpc-core-1.17.1.jar:1.17.1]
	at java.util.concurrent.ThreadPoolExecutor.runWorker(ThreadPoolExecutor.java:1149) ~[?:1.8.0_333]
	at java.util.concurrent.ThreadPoolExecutor$Worker.run(ThreadPoolExecutor.java:624) ~[?:1.8.0_333]
	at java.lang.Thread.run(Thread.java:750) ~[?:1.8.0_333]
Caused by: java.net.UnknownHostException: peer0.org2.example.com
	at java.net.Inet6AddressImpl.lookupAllHostAddr(Native Method) ~[?:1.8.0_333]
	at java.net.InetAddress$2.lookupAllHostAddr(InetAddress.java:929) ~[?:1.8.0_333]
	at java.net.InetAddress.getAddressesFromNameService(InetAddress.java:1324) ~[?:1.8.0_333]
	at java.net.InetAddress.getAllByName0(InetAddress.java:1277) ~[?:1.8.0_333]
	at java.net.InetAddress.getAllByName(InetAddress.java:1193) ~[?:1.8.0_333]
	at java.net.InetAddress.getAllByName(InetAddress.java:1127) ~[?:1.8.0_333]
	at io.grpc.internal.DnsNameResolver$JdkAddressResolver.resolveAddress(DnsNameResolver.java:624) ~[grpc-core-1.17.1.jar:1.17.1]
	at io.grpc.internal.DnsNameResolver.resolveAll(DnsNameResolver.java:367) ~[grpc-core-1.17.1.jar:1.17.1]
	at io.grpc.internal.DnsNameResolver$Resolve.resolveInternal(DnsNameResolver.java:269) ~[grpc-core-1.17.1.jar:1.17.1]
	at io.grpc.internal.DnsNameResolver$Resolve.run(DnsNameResolver.java:225) ~[grpc-core-1.17.1.jar:1.17.1]
	at java.util.concurrent.ThreadPoolExecutor.runWorker(ThreadPoolExecutor.java:1149) ~[?:1.8.0_333]
	at java.util.concurrent.ThreadPoolExecutor$Worker.run(ThreadPoolExecutor.java:624) ~[?:1.8.0_333]
	at java.lang.Thread.run(Thread.java:750) ~[?:1.8.0_333]
[2023-06-25 15:51:48] [WARN ] org.hyperledger.fabric.sdk.Channel.getConfigBlock(Channel.java:871) org.hyperledger.fabric.sdk.Channel - getConfigBlock for channel mychannel failed with peer peer0.org2.example.com.  Status FAILURE, details: Channel Channel{id: 3, name: mychannel} Sending proposal with transaction: 5f06fbeb360c4fc578efeed69d626e3cdb60b68e491aa3abe114e40c59f15c19 to Peer{ id: 2, name: peer0.org2.example.com, channelName: mychannel, url: grpcs://peer0.org2.example.com:9051} failed because of: gRPC failure=Status{code=UNAVAILABLE, description=Unable to resolve host peer0.org2.example.com, cause=java.lang.RuntimeException: java.net.UnknownHostException: peer0.org2.example.com
	at io.grpc.internal.DnsNameResolver.resolveAll(DnsNameResolver.java:399)
	at io.grpc.internal.DnsNameResolver$Resolve.resolveInternal(DnsNameResolver.java:269)
	at io.grpc.internal.DnsNameResolver$Resolve.run(DnsNameResolver.java:225)
	at java.util.concurrent.ThreadPoolExecutor.runWorker(ThreadPoolExecutor.java:1149)
	at java.util.concurrent.ThreadPoolExecutor$Worker.run(ThreadPoolExecutor.java:624)
	at java.lang.Thread.run(Thread.java:750)
Caused by: java.net.UnknownHostException: peer0.org2.example.com
	at java.net.Inet6AddressImpl.lookupAllHostAddr(Native Method)
	at java.net.InetAddress$2.lookupAllHostAddr(InetAddress.java:929)
	at java.net.InetAddress.getAddressesFromNameService(InetAddress.java:1324)
	at java.net.InetAddress.getAllByName0(InetAddress.java:1277)
	at java.net.InetAddress.getAllByName(InetAddress.java:1193)
	at java.net.InetAddress.getAllByName(InetAddress.java:1127)
	at io.grpc.internal.DnsNameResolver$JdkAddressResolver.resolveAddress(DnsNameResolver.java:624)
	at io.grpc.internal.DnsNameResolver.resolveAll(DnsNameResolver.java:367)
	... 5 more
}
[2023-06-25 15:51:48] [ERROR] org.hyperledger.fabric.sdk.Channel.parseConfigBlock(Channel.java:1797) org.hyperledger.fabric.sdk.Channel - getConfigBlock for channel mychannel failed with peer peer0.org2.example.com.  Status FAILURE, details: Channel Channel{id: 3, name: mychannel} Sending proposal with transaction: 5f06fbeb360c4fc578efeed69d626e3cdb60b68e491aa3abe114e40c59f15c19 to Peer{ id: 2, name: peer0.org2.example.com, channelName: mychannel, url: grpcs://peer0.org2.example.com:9051} failed because of: gRPC failure=Status{code=UNAVAILABLE, description=Unable to resolve host peer0.org2.example.com, cause=java.lang.RuntimeException: java.net.UnknownHostException: peer0.org2.example.com
	at io.grpc.internal.DnsNameResolver.resolveAll(DnsNameResolver.java:399)
	at io.grpc.internal.DnsNameResolver$Resolve.resolveInternal(DnsNameResolver.java:269)
	at io.grpc.internal.DnsNameResolver$Resolve.run(DnsNameResolver.java:225)
	at java.util.concurrent.ThreadPoolExecutor.runWorker(ThreadPoolExecutor.java:1149)
	at java.util.concurrent.ThreadPoolExecutor$Worker.run(ThreadPoolExecutor.java:624)
	at java.lang.Thread.run(Thread.java:750)
Caused by: java.net.UnknownHostException: peer0.org2.example.com
	at java.net.Inet6AddressImpl.lookupAllHostAddr(Native Method)
	at java.net.InetAddress$2.lookupAllHostAddr(InetAddress.java:929)
	at java.net.InetAddress.getAddressesFromNameService(InetAddress.java:1324)
	at java.net.InetAddress.getAllByName0(InetAddress.java:1277)
	at java.net.InetAddress.getAllByName(InetAddress.java:1193)
	at java.net.InetAddress.getAllByName(InetAddress.java:1127)
	at io.grpc.internal.DnsNameResolver$JdkAddressResolver.resolveAddress(DnsNameResolver.java:624)
	at io.grpc.internal.DnsNameResolver.resolveAll(DnsNameResolver.java:367)
	... 5 more
}
org.hyperledger.fabric.sdk.exception.ProposalException: getConfigBlock for channel mychannel failed with peer peer0.org2.example.com.  Status FAILURE, details: Channel Channel{id: 3, name: mychannel} Sending proposal with transaction: 5f06fbeb360c4fc578efeed69d626e3cdb60b68e491aa3abe114e40c59f15c19 to Peer{ id: 2, name: peer0.org2.example.com, channelName: mychannel, url: grpcs://peer0.org2.example.com:9051} failed because of: gRPC failure=Status{code=UNAVAILABLE, description=Unable to resolve host peer0.org2.example.com, cause=java.lang.RuntimeException: java.net.UnknownHostException: peer0.org2.example.com
	at io.grpc.internal.DnsNameResolver.resolveAll(DnsNameResolver.java:399)
	at io.grpc.internal.DnsNameResolver$Resolve.resolveInternal(DnsNameResolver.java:269)
	at io.grpc.internal.DnsNameResolver$Resolve.run(DnsNameResolver.java:225)
	at java.util.concurrent.ThreadPoolExecutor.runWorker(ThreadPoolExecutor.java:1149)
	at java.util.concurrent.ThreadPoolExecutor$Worker.run(ThreadPoolExecutor.java:624)
	at java.lang.Thread.run(Thread.java:750)
Caused by: java.net.UnknownHostException: peer0.org2.example.com
	at java.net.Inet6AddressImpl.lookupAllHostAddr(Native Method)
	at java.net.InetAddress$2.lookupAllHostAddr(InetAddress.java:929)
	at java.net.InetAddress.getAddressesFromNameService(InetAddress.java:1324)
	at java.net.InetAddress.getAllByName0(InetAddress.java:1277)
	at java.net.InetAddress.getAllByName(InetAddress.java:1193)
	at java.net.InetAddress.getAllByName(InetAddress.java:1127)
	at io.grpc.internal.DnsNameResolver$JdkAddressResolver.resolveAddress(DnsNameResolver.java:624)
	at io.grpc.internal.DnsNameResolver.resolveAll(DnsNameResolver.java:367)
	... 5 more
}
	at org.hyperledger.fabric.sdk.Channel.getConfigBlock(Channel.java:869) ~[fabric-sdk-java-1.4.0.jar:?]
	at org.hyperledger.fabric.sdk.Channel.parseConfigBlock(Channel.java:1781) ~[fabric-sdk-java-1.4.0.jar:?]
	at org.hyperledger.fabric.sdk.Channel.loadCACertificates(Channel.java:1618) ~[fabric-sdk-java-1.4.0.jar:?]
	at org.hyperledger.fabric.sdk.Channel.initialize(Channel.java:1107) ~[fabric-sdk-java-1.4.0.jar:?]
	at com.sansec.fabrictest.sdk.FabricClient.queryChaincode(FabricClient.java:226) ~[classes/:?]
	at com.sansec.fabrictest.sdk.SdkMain.queryChaincode(SdkMain.java:218) ~[classes/:?]
	at com.sansec.fabrictest.sdk.SdkMain.main(SdkMain.java:62) ~[classes/:?]
[2023-06-25 15:51:48] [WARN ] org.hyperledger.fabric.sdk.Channel.initialize(Channel.java:1109) org.hyperledger.fabric.sdk.Channel - Channel mychannel could not load peer CA certificates from any peers.
[2023-06-25 15:51:48] [INFO ] org.hyperledger.fabric.sdk.Channel.initialize(Channel.java:1149) org.hyperledger.fabric.sdk.Channel - Channel Channel{id: 3, name: mychannel} eventThread started shutdown: false  thread: null 
[2023-06-25 15:51:48] [ERROR] org.hyperledger.fabric.sdk.Channel.sendProposalToPeers(Channel.java:4140) org.hyperledger.fabric.sdk.Channel - Channel Channel{id: 3, name: mychannel} Sending proposal with transaction: b9894d6f2fa263a17618aaec11f3662cf0c17f925ad5000cdaa6726695af1acf to Peer{ id: 2, name: peer0.org2.example.com, channelName: mychannel, url: grpcs://peer0.org2.example.com:9051} failed because of: gRPC failure=Status{code=UNAVAILABLE, description=Unable to resolve host peer0.org2.example.com, cause=java.lang.RuntimeException: java.net.UnknownHostException: peer0.org2.example.com
	at io.grpc.internal.DnsNameResolver.resolveAll(DnsNameResolver.java:399)
	at io.grpc.internal.DnsNameResolver$Resolve.resolveInternal(DnsNameResolver.java:269)
	at io.grpc.internal.DnsNameResolver$Resolve.run(DnsNameResolver.java:225)
	at java.util.concurrent.ThreadPoolExecutor.runWorker(ThreadPoolExecutor.java:1149)
	at java.util.concurrent.ThreadPoolExecutor$Worker.run(ThreadPoolExecutor.java:624)
	at java.lang.Thread.run(Thread.java:750)
Caused by: java.net.UnknownHostException: peer0.org2.example.com
	at java.net.Inet6AddressImpl.lookupAllHostAddr(Native Method)
	at java.net.InetAddress$2.lookupAllHostAddr(InetAddress.java:929)
	at java.net.InetAddress.getAddressesFromNameService(InetAddress.java:1324)
	at java.net.InetAddress.getAllByName0(InetAddress.java:1277)
	at java.net.InetAddress.getAllByName(InetAddress.java:1193)
	at java.net.InetAddress.getAllByName(InetAddress.java:1127)
	at io.grpc.internal.DnsNameResolver$JdkAddressResolver.resolveAddress(DnsNameResolver.java:624)
	at io.grpc.internal.DnsNameResolver.resolveAll(DnsNameResolver.java:367)
	... 5 more
}
java.lang.Exception: io.grpc.StatusRuntimeException: UNAVAILABLE: Unable to resolve host peer0.org2.example.com
	at org.hyperledger.fabric.sdk.Channel.sendProposalToPeers(Channel.java:4140) ~[fabric-sdk-java-1.4.0.jar:?]
	at org.hyperledger.fabric.sdk.Channel.getConfigBlock(Channel.java:858) ~[fabric-sdk-java-1.4.0.jar:?]
	at org.hyperledger.fabric.sdk.Channel.parseConfigBlock(Channel.java:1781) ~[fabric-sdk-java-1.4.0.jar:?]
	at org.hyperledger.fabric.sdk.Channel.loadCACertificates(Channel.java:1618) ~[fabric-sdk-java-1.4.0.jar:?]
	at org.hyperledger.fabric.sdk.Channel.sendProposalToPeers(Channel.java:4059) ~[fabric-sdk-java-1.4.0.jar:?]
	at org.hyperledger.fabric.sdk.Channel.sendProposal(Channel.java:4032) ~[fabric-sdk-java-1.4.0.jar:?]
	at org.hyperledger.fabric.sdk.Channel.queryByChaincode(Channel.java:3942) ~[fabric-sdk-java-1.4.0.jar:?]
	at org.hyperledger.fabric.sdk.Channel.queryByChaincode(Channel.java:3928) ~[fabric-sdk-java-1.4.0.jar:?]
	at com.sansec.fabrictest.sdk.FabricClient.queryChaincode(FabricClient.java:234) ~[classes/:?]
	at com.sansec.fabrictest.sdk.SdkMain.queryChaincode(SdkMain.java:218) ~[classes/:?]
	at com.sansec.fabrictest.sdk.SdkMain.main(SdkMain.java:62) ~[classes/:?]
Caused by: io.grpc.StatusRuntimeException: UNAVAILABLE: Unable to resolve host peer0.org2.example.com
	at io.grpc.Status.asRuntimeException(Status.java:530) ~[grpc-core-1.17.1.jar:1.17.1]
	at io.grpc.stub.ClientCalls$UnaryStreamToFuture.onClose(ClientCalls.java:482) ~[grpc-stub-1.17.1.jar:1.17.1]
	at io.grpc.PartialForwardingClientCallListener.onClose(PartialForwardingClientCallListener.java:39) ~[grpc-core-1.17.1.jar:1.17.1]
	at io.grpc.ForwardingClientCallListener.onClose(ForwardingClientCallListener.java:23) ~[grpc-core-1.17.1.jar:1.17.1]
	at io.grpc.ForwardingClientCallListener$SimpleForwardingClientCallListener.onClose(ForwardingClientCallListener.java:40) ~[grpc-core-1.17.1.jar:1.17.1]
	at io.grpc.internal.CensusStatsModule$StatsClientInterceptor$1$1.onClose(CensusStatsModule.java:694) ~[grpc-core-1.17.1.jar:1.17.1]
	at io.grpc.PartialForwardingClientCallListener.onClose(PartialForwardingClientCallListener.java:39) ~[grpc-core-1.17.1.jar:1.17.1]
	at io.grpc.ForwardingClientCallListener.onClose(ForwardingClientCallListener.java:23) ~[grpc-core-1.17.1.jar:1.17.1]
	at io.grpc.ForwardingClientCallListener$SimpleForwardingClientCallListener.onClose(ForwardingClientCallListener.java:40) ~[grpc-core-1.17.1.jar:1.17.1]
	at io.grpc.internal.CensusTracingModule$TracingClientInterceptor$1$1.onClose(CensusTracingModule.java:397) ~[grpc-core-1.17.1.jar:1.17.1]
	at io.grpc.internal.ClientCallImpl.closeObserver(ClientCallImpl.java:459) ~[grpc-core-1.17.1.jar:1.17.1]
	at io.grpc.internal.ClientCallImpl.access$300(ClientCallImpl.java:63) ~[grpc-core-1.17.1.jar:1.17.1]
	at io.grpc.internal.ClientCallImpl$ClientStreamListenerImpl.close(ClientCallImpl.java:546) ~[grpc-core-1.17.1.jar:1.17.1]
	at io.grpc.internal.ClientCallImpl$ClientStreamListenerImpl.access$600(ClientCallImpl.java:467) ~[grpc-core-1.17.1.jar:1.17.1]
	at io.grpc.internal.ClientCallImpl$ClientStreamListenerImpl$1StreamClosed.runInContext(ClientCallImpl.java:584) ~[grpc-core-1.17.1.jar:1.17.1]
	at io.grpc.internal.ContextRunnable.run(ContextRunnable.java:37) ~[grpc-core-1.17.1.jar:1.17.1]
	at io.grpc.internal.SerializingExecutor.run(SerializingExecutor.java:123) ~[grpc-core-1.17.1.jar:1.17.1]
	at java.util.concurrent.ThreadPoolExecutor.runWorker(ThreadPoolExecutor.java:1149) ~[?:1.8.0_333]
	at java.util.concurrent.ThreadPoolExecutor$Worker.run(ThreadPoolExecutor.java:624) ~[?:1.8.0_333]
	at java.lang.Thread.run(Thread.java:750) ~[?:1.8.0_333]
Caused by: java.lang.RuntimeException: java.net.UnknownHostException: peer0.org2.example.com
	at io.grpc.internal.DnsNameResolver.resolveAll(DnsNameResolver.java:399) ~[grpc-core-1.17.1.jar:1.17.1]
	at io.grpc.internal.DnsNameResolver$Resolve.resolveInternal(DnsNameResolver.java:269) ~[grpc-core-1.17.1.jar:1.17.1]
	at io.grpc.internal.DnsNameResolver$Resolve.run(DnsNameResolver.java:225) ~[grpc-core-1.17.1.jar:1.17.1]
	at java.util.concurrent.ThreadPoolExecutor.runWorker(ThreadPoolExecutor.java:1149) ~[?:1.8.0_333]
	at java.util.concurrent.ThreadPoolExecutor$Worker.run(ThreadPoolExecutor.java:624) ~[?:1.8.0_333]
	at java.lang.Thread.run(Thread.java:750) ~[?:1.8.0_333]
Caused by: java.net.UnknownHostException: peer0.org2.example.com
	at java.net.Inet6AddressImpl.lookupAllHostAddr(Native Method) ~[?:1.8.0_333]
	at java.net.InetAddress$2.lookupAllHostAddr(InetAddress.java:929) ~[?:1.8.0_333]
	at java.net.InetAddress.getAddressesFromNameService(InetAddress.java:1324) ~[?:1.8.0_333]
	at java.net.InetAddress.getAllByName0(InetAddress.java:1277) ~[?:1.8.0_333]
	at java.net.InetAddress.getAllByName(InetAddress.java:1193) ~[?:1.8.0_333]
	at java.net.InetAddress.getAllByName(InetAddress.java:1127) ~[?:1.8.0_333]
	at io.grpc.internal.DnsNameResolver$JdkAddressResolver.resolveAddress(DnsNameResolver.java:624) ~[grpc-core-1.17.1.jar:1.17.1]
	at io.grpc.internal.DnsNameResolver.resolveAll(DnsNameResolver.java:367) ~[grpc-core-1.17.1.jar:1.17.1]
	at io.grpc.internal.DnsNameResolver$Resolve.resolveInternal(DnsNameResolver.java:269) ~[grpc-core-1.17.1.jar:1.17.1]
	at io.grpc.internal.DnsNameResolver$Resolve.run(DnsNameResolver.java:225) ~[grpc-core-1.17.1.jar:1.17.1]
	at java.util.concurrent.ThreadPoolExecutor.runWorker(ThreadPoolExecutor.java:1149) ~[?:1.8.0_333]
	at java.util.concurrent.ThreadPoolExecutor$Worker.run(ThreadPoolExecutor.java:624) ~[?:1.8.0_333]
	at java.lang.Thread.run(Thread.java:750) ~[?:1.8.0_333]
[2023-06-25 15:51:48] [WARN ] org.hyperledger.fabric.sdk.Channel.getConfigBlock(Channel.java:871) org.hyperledger.fabric.sdk.Channel - getConfigBlock for channel mychannel failed with peer peer0.org2.example.com.  Status FAILURE, details: Channel Channel{id: 3, name: mychannel} Sending proposal with transaction: b9894d6f2fa263a17618aaec11f3662cf0c17f925ad5000cdaa6726695af1acf to Peer{ id: 2, name: peer0.org2.example.com, channelName: mychannel, url: grpcs://peer0.org2.example.com:9051} failed because of: gRPC failure=Status{code=UNAVAILABLE, description=Unable to resolve host peer0.org2.example.com, cause=java.lang.RuntimeException: java.net.UnknownHostException: peer0.org2.example.com
	at io.grpc.internal.DnsNameResolver.resolveAll(DnsNameResolver.java:399)
	at io.grpc.internal.DnsNameResolver$Resolve.resolveInternal(DnsNameResolver.java:269)
	at io.grpc.internal.DnsNameResolver$Resolve.run(DnsNameResolver.java:225)
	at java.util.concurrent.ThreadPoolExecutor.runWorker(ThreadPoolExecutor.java:1149)
	at java.util.concurrent.ThreadPoolExecutor$Worker.run(ThreadPoolExecutor.java:624)
	at java.lang.Thread.run(Thread.java:750)
Caused by: java.net.UnknownHostException: peer0.org2.example.com
	at java.net.Inet6AddressImpl.lookupAllHostAddr(Native Method)
	at java.net.InetAddress$2.lookupAllHostAddr(InetAddress.java:929)
	at java.net.InetAddress.getAddressesFromNameService(InetAddress.java:1324)
	at java.net.InetAddress.getAllByName0(InetAddress.java:1277)
	at java.net.InetAddress.getAllByName(InetAddress.java:1193)
	at java.net.InetAddress.getAllByName(InetAddress.java:1127)
	at io.grpc.internal.DnsNameResolver$JdkAddressResolver.resolveAddress(DnsNameResolver.java:624)
	at io.grpc.internal.DnsNameResolver.resolveAll(DnsNameResolver.java:367)
	... 5 more
}
[2023-06-25 15:51:48] [ERROR] org.hyperledger.fabric.sdk.Channel.sendProposalToPeers(Channel.java:4140) org.hyperledger.fabric.sdk.Channel - Channel Channel{id: 3, name: mychannel} Sending proposal with transaction: b9894d6f2fa263a17618aaec11f3662cf0c17f925ad5000cdaa6726695af1acf to Peer{ id: 1, name: peer0.org1.example.com, channelName: mychannel, url: grpcs://peer0.org1.example.com:7051} failed because of: gRPC failure=Status{code=UNAVAILABLE, description=Unable to resolve host peer0.org1.example.com, cause=java.lang.RuntimeException: java.net.UnknownHostException: peer0.org1.example.com
	at io.grpc.internal.DnsNameResolver.resolveAll(DnsNameResolver.java:399)
	at io.grpc.internal.DnsNameResolver$Resolve.resolveInternal(DnsNameResolver.java:269)
	at io.grpc.internal.DnsNameResolver$Resolve.run(DnsNameResolver.java:225)
	at java.util.concurrent.ThreadPoolExecutor.runWorker(ThreadPoolExecutor.java:1149)
	at java.util.concurrent.ThreadPoolExecutor$Worker.run(ThreadPoolExecutor.java:624)
	at java.lang.Thread.run(Thread.java:750)
Caused by: java.net.UnknownHostException: peer0.org1.example.com
	at java.net.Inet6AddressImpl.lookupAllHostAddr(Native Method)
	at java.net.InetAddress$2.lookupAllHostAddr(InetAddress.java:929)
	at java.net.InetAddress.getAddressesFromNameService(InetAddress.java:1324)
	at java.net.InetAddress.getAllByName0(InetAddress.java:1277)
	at java.net.InetAddress.getAllByName(InetAddress.java:1193)
	at java.net.InetAddress.getAllByName(InetAddress.java:1127)
	at io.grpc.internal.DnsNameResolver$JdkAddressResolver.resolveAddress(DnsNameResolver.java:624)
	at io.grpc.internal.DnsNameResolver.resolveAll(DnsNameResolver.java:367)
	... 5 more
}
java.lang.Exception: io.grpc.StatusRuntimeException: UNAVAILABLE: Unable to resolve host peer0.org1.example.com
	at org.hyperledger.fabric.sdk.Channel.sendProposalToPeers(Channel.java:4140) ~[fabric-sdk-java-1.4.0.jar:?]
	at org.hyperledger.fabric.sdk.Channel.getConfigBlock(Channel.java:858) ~[fabric-sdk-java-1.4.0.jar:?]
	at org.hyperledger.fabric.sdk.Channel.parseConfigBlock(Channel.java:1781) ~[fabric-sdk-java-1.4.0.jar:?]
	at org.hyperledger.fabric.sdk.Channel.loadCACertificates(Channel.java:1618) ~[fabric-sdk-java-1.4.0.jar:?]
	at org.hyperledger.fabric.sdk.Channel.sendProposalToPeers(Channel.java:4059) ~[fabric-sdk-java-1.4.0.jar:?]
	at org.hyperledger.fabric.sdk.Channel.sendProposal(Channel.java:4032) ~[fabric-sdk-java-1.4.0.jar:?]
	at org.hyperledger.fabric.sdk.Channel.queryByChaincode(Channel.java:3942) ~[fabric-sdk-java-1.4.0.jar:?]
	at org.hyperledger.fabric.sdk.Channel.queryByChaincode(Channel.java:3928) ~[fabric-sdk-java-1.4.0.jar:?]
	at com.sansec.fabrictest.sdk.FabricClient.queryChaincode(FabricClient.java:234) ~[classes/:?]
	at com.sansec.fabrictest.sdk.SdkMain.queryChaincode(SdkMain.java:218) ~[classes/:?]
	at com.sansec.fabrictest.sdk.SdkMain.main(SdkMain.java:62) ~[classes/:?]
Caused by: io.grpc.StatusRuntimeException: UNAVAILABLE: Unable to resolve host peer0.org1.example.com
	at io.grpc.Status.asRuntimeException(Status.java:530) ~[grpc-core-1.17.1.jar:1.17.1]
	at io.grpc.stub.ClientCalls$UnaryStreamToFuture.onClose(ClientCalls.java:482) ~[grpc-stub-1.17.1.jar:1.17.1]
	at io.grpc.PartialForwardingClientCallListener.onClose(PartialForwardingClientCallListener.java:39) ~[grpc-core-1.17.1.jar:1.17.1]
	at io.grpc.ForwardingClientCallListener.onClose(ForwardingClientCallListener.java:23) ~[grpc-core-1.17.1.jar:1.17.1]
	at io.grpc.ForwardingClientCallListener$SimpleForwardingClientCallListener.onClose(ForwardingClientCallListener.java:40) ~[grpc-core-1.17.1.jar:1.17.1]
	at io.grpc.internal.CensusStatsModule$StatsClientInterceptor$1$1.onClose(CensusStatsModule.java:694) ~[grpc-core-1.17.1.jar:1.17.1]
	at io.grpc.PartialForwardingClientCallListener.onClose(PartialForwardingClientCallListener.java:39) ~[grpc-core-1.17.1.jar:1.17.1]
	at io.grpc.ForwardingClientCallListener.onClose(ForwardingClientCallListener.java:23) ~[grpc-core-1.17.1.jar:1.17.1]
	at io.grpc.ForwardingClientCallListener$SimpleForwardingClientCallListener.onClose(ForwardingClientCallListener.java:40) ~[grpc-core-1.17.1.jar:1.17.1]
	at io.grpc.internal.CensusTracingModule$TracingClientInterceptor$1$1.onClose(CensusTracingModule.java:397) ~[grpc-core-1.17.1.jar:1.17.1]
	at io.grpc.internal.ClientCallImpl.closeObserver(ClientCallImpl.java:459) ~[grpc-core-1.17.1.jar:1.17.1]
	at io.grpc.internal.ClientCallImpl.access$300(ClientCallImpl.java:63) ~[grpc-core-1.17.1.jar:1.17.1]
	at io.grpc.internal.ClientCallImpl$ClientStreamListenerImpl.close(ClientCallImpl.java:546) ~[grpc-core-1.17.1.jar:1.17.1]
	at io.grpc.internal.ClientCallImpl$ClientStreamListenerImpl.access$600(ClientCallImpl.java:467) ~[grpc-core-1.17.1.jar:1.17.1]
	at io.grpc.internal.ClientCallImpl$ClientStreamListenerImpl$1StreamClosed.runInContext(ClientCallImpl.java:584) ~[grpc-core-1.17.1.jar:1.17.1]
	at io.grpc.internal.ContextRunnable.run(ContextRunnable.java:37) ~[grpc-core-1.17.1.jar:1.17.1]
	at io.grpc.internal.SerializingExecutor.run(SerializingExecutor.java:123) ~[grpc-core-1.17.1.jar:1.17.1]
	at java.util.concurrent.ThreadPoolExecutor.runWorker(ThreadPoolExecutor.java:1149) ~[?:1.8.0_333]
	at java.util.concurrent.ThreadPoolExecutor$Worker.run(ThreadPoolExecutor.java:624) ~[?:1.8.0_333]
	at java.lang.Thread.run(Thread.java:750) ~[?:1.8.0_333]
Caused by: java.lang.RuntimeException: java.net.UnknownHostException: peer0.org1.example.com
	at io.grpc.internal.DnsNameResolver.resolveAll(DnsNameResolver.java:399) ~[grpc-core-1.17.1.jar:1.17.1]
	at io.grpc.internal.DnsNameResolver$Resolve.resolveInternal(DnsNameResolver.java:269) ~[grpc-core-1.17.1.jar:1.17.1]
	at io.grpc.internal.DnsNameResolver$Resolve.run(DnsNameResolver.java:225) ~[grpc-core-1.17.1.jar:1.17.1]
	at java.util.concurrent.ThreadPoolExecutor.runWorker(ThreadPoolExecutor.java:1149) ~[?:1.8.0_333]
	at java.util.concurrent.ThreadPoolExecutor$Worker.run(ThreadPoolExecutor.java:624) ~[?:1.8.0_333]
	at java.lang.Thread.run(Thread.java:750) ~[?:1.8.0_333]
Caused by: java.net.UnknownHostException: peer0.org1.example.com
	at java.net.Inet6AddressImpl.lookupAllHostAddr(Native Method) ~[?:1.8.0_333]
	at java.net.InetAddress$2.lookupAllHostAddr(InetAddress.java:929) ~[?:1.8.0_333]
	at java.net.InetAddress.getAddressesFromNameService(InetAddress.java:1324) ~[?:1.8.0_333]
	at java.net.InetAddress.getAllByName0(InetAddress.java:1277) ~[?:1.8.0_333]
	at java.net.InetAddress.getAllByName(InetAddress.java:1193) ~[?:1.8.0_333]
	at java.net.InetAddress.getAllByName(InetAddress.java:1127) ~[?:1.8.0_333]
	at io.grpc.internal.DnsNameResolver$JdkAddressResolver.resolveAddress(DnsNameResolver.java:624) ~[grpc-core-1.17.1.jar:1.17.1]
	at io.grpc.internal.DnsNameResolver.resolveAll(DnsNameResolver.java:367) ~[grpc-core-1.17.1.jar:1.17.1]
	at io.grpc.internal.DnsNameResolver$Resolve.resolveInternal(DnsNameResolver.java:269) ~[grpc-core-1.17.1.jar:1.17.1]
	at io.grpc.internal.DnsNameResolver$Resolve.run(DnsNameResolver.java:225) ~[grpc-core-1.17.1.jar:1.17.1]
	at java.util.concurrent.ThreadPoolExecutor.runWorker(ThreadPoolExecutor.java:1149) ~[?:1.8.0_333]
	at java.util.concurrent.ThreadPoolExecutor$Worker.run(ThreadPoolExecutor.java:624) ~[?:1.8.0_333]
	at java.lang.Thread.run(Thread.java:750) ~[?:1.8.0_333]
[2023-06-25 15:51:48] [WARN ] org.hyperledger.fabric.sdk.Channel.getConfigBlock(Channel.java:871) org.hyperledger.fabric.sdk.Channel - getConfigBlock for channel mychannel failed with peer peer0.org1.example.com.  Status FAILURE, details: Channel Channel{id: 3, name: mychannel} Sending proposal with transaction: b9894d6f2fa263a17618aaec11f3662cf0c17f925ad5000cdaa6726695af1acf to Peer{ id: 1, name: peer0.org1.example.com, channelName: mychannel, url: grpcs://peer0.org1.example.com:7051} failed because of: gRPC failure=Status{code=UNAVAILABLE, description=Unable to resolve host peer0.org1.example.com, cause=java.lang.RuntimeException: java.net.UnknownHostException: peer0.org1.example.com
	at io.grpc.internal.DnsNameResolver.resolveAll(DnsNameResolver.java:399)
	at io.grpc.internal.DnsNameResolver$Resolve.resolveInternal(DnsNameResolver.java:269)
	at io.grpc.internal.DnsNameResolver$Resolve.run(DnsNameResolver.java:225)
	at java.util.concurrent.ThreadPoolExecutor.runWorker(ThreadPoolExecutor.java:1149)
	at java.util.concurrent.ThreadPoolExecutor$Worker.run(ThreadPoolExecutor.java:624)
	at java.lang.Thread.run(Thread.java:750)
Caused by: java.net.UnknownHostException: peer0.org1.example.com
	at java.net.Inet6AddressImpl.lookupAllHostAddr(Native Method)
	at java.net.InetAddress$2.lookupAllHostAddr(InetAddress.java:929)
	at java.net.InetAddress.getAddressesFromNameService(InetAddress.java:1324)
	at java.net.InetAddress.getAllByName0(InetAddress.java:1277)
	at java.net.InetAddress.getAllByName(InetAddress.java:1193)
	at java.net.InetAddress.getAllByName(InetAddress.java:1127)
	at io.grpc.internal.DnsNameResolver$JdkAddressResolver.resolveAddress(DnsNameResolver.java:624)
	at io.grpc.internal.DnsNameResolver.resolveAll(DnsNameResolver.java:367)
	... 5 more
}
[2023-06-25 15:51:48] [ERROR] org.hyperledger.fabric.sdk.Channel.parseConfigBlock(Channel.java:1797) org.hyperledger.fabric.sdk.Channel - getConfigBlock for channel mychannel failed with peer peer0.org1.example.com.  Status FAILURE, details: Channel Channel{id: 3, name: mychannel} Sending proposal with transaction: b9894d6f2fa263a17618aaec11f3662cf0c17f925ad5000cdaa6726695af1acf to Peer{ id: 1, name: peer0.org1.example.com, channelName: mychannel, url: grpcs://peer0.org1.example.com:7051} failed because of: gRPC failure=Status{code=UNAVAILABLE, description=Unable to resolve host peer0.org1.example.com, cause=java.lang.RuntimeException: java.net.UnknownHostException: peer0.org1.example.com
	at io.grpc.internal.DnsNameResolver.resolveAll(DnsNameResolver.java:399)
	at io.grpc.internal.DnsNameResolver$Resolve.resolveInternal(DnsNameResolver.java:269)
	at io.grpc.internal.DnsNameResolver$Resolve.run(DnsNameResolver.java:225)
	at java.util.concurrent.ThreadPoolExecutor.runWorker(ThreadPoolExecutor.java:1149)
	at java.util.concurrent.ThreadPoolExecutor$Worker.run(ThreadPoolExecutor.java:624)
	at java.lang.Thread.run(Thread.java:750)
Caused by: java.net.UnknownHostException: peer0.org1.example.com
	at java.net.Inet6AddressImpl.lookupAllHostAddr(Native Method)
	at java.net.InetAddress$2.lookupAllHostAddr(InetAddress.java:929)
	at java.net.InetAddress.getAddressesFromNameService(InetAddress.java:1324)
	at java.net.InetAddress.getAllByName0(InetAddress.java:1277)
	at java.net.InetAddress.getAllByName(InetAddress.java:1193)
	at java.net.InetAddress.getAllByName(InetAddress.java:1127)
	at io.grpc.internal.DnsNameResolver$JdkAddressResolver.resolveAddress(DnsNameResolver.java:624)
	at io.grpc.internal.DnsNameResolver.resolveAll(DnsNameResolver.java:367)
	... 5 more
}
org.hyperledger.fabric.sdk.exception.ProposalException: getConfigBlock for channel mychannel failed with peer peer0.org1.example.com.  Status FAILURE, details: Channel Channel{id: 3, name: mychannel} Sending proposal with transaction: b9894d6f2fa263a17618aaec11f3662cf0c17f925ad5000cdaa6726695af1acf to Peer{ id: 1, name: peer0.org1.example.com, channelName: mychannel, url: grpcs://peer0.org1.example.com:7051} failed because of: gRPC failure=Status{code=UNAVAILABLE, description=Unable to resolve host peer0.org1.example.com, cause=java.lang.RuntimeException: java.net.UnknownHostException: peer0.org1.example.com
	at io.grpc.internal.DnsNameResolver.resolveAll(DnsNameResolver.java:399)
	at io.grpc.internal.DnsNameResolver$Resolve.resolveInternal(DnsNameResolver.java:269)
	at io.grpc.internal.DnsNameResolver$Resolve.run(DnsNameResolver.java:225)
	at java.util.concurrent.ThreadPoolExecutor.runWorker(ThreadPoolExecutor.java:1149)
	at java.util.concurrent.ThreadPoolExecutor$Worker.run(ThreadPoolExecutor.java:624)
	at java.lang.Thread.run(Thread.java:750)
Caused by: java.net.UnknownHostException: peer0.org1.example.com
	at java.net.Inet6AddressImpl.lookupAllHostAddr(Native Method)
	at java.net.InetAddress$2.lookupAllHostAddr(InetAddress.java:929)
	at java.net.InetAddress.getAddressesFromNameService(InetAddress.java:1324)
	at java.net.InetAddress.getAllByName0(InetAddress.java:1277)
	at java.net.InetAddress.getAllByName(InetAddress.java:1193)
	at java.net.InetAddress.getAllByName(InetAddress.java:1127)
	at io.grpc.internal.DnsNameResolver$JdkAddressResolver.resolveAddress(DnsNameResolver.java:624)
	at io.grpc.internal.DnsNameResolver.resolveAll(DnsNameResolver.java:367)
	... 5 more
}
	at org.hyperledger.fabric.sdk.Channel.getConfigBlock(Channel.java:869) ~[fabric-sdk-java-1.4.0.jar:?]
	at org.hyperledger.fabric.sdk.Channel.parseConfigBlock(Channel.java:1781) ~[fabric-sdk-java-1.4.0.jar:?]
	at org.hyperledger.fabric.sdk.Channel.loadCACertificates(Channel.java:1618) ~[fabric-sdk-java-1.4.0.jar:?]
	at org.hyperledger.fabric.sdk.Channel.sendProposalToPeers(Channel.java:4059) ~[fabric-sdk-java-1.4.0.jar:?]
	at org.hyperledger.fabric.sdk.Channel.sendProposal(Channel.java:4032) ~[fabric-sdk-java-1.4.0.jar:?]
	at org.hyperledger.fabric.sdk.Channel.queryByChaincode(Channel.java:3942) ~[fabric-sdk-java-1.4.0.jar:?]
	at org.hyperledger.fabric.sdk.Channel.queryByChaincode(Channel.java:3928) ~[fabric-sdk-java-1.4.0.jar:?]
	at com.sansec.fabrictest.sdk.FabricClient.queryChaincode(FabricClient.java:234) ~[classes/:?]
	at com.sansec.fabrictest.sdk.SdkMain.queryChaincode(SdkMain.java:218) ~[classes/:?]
	at com.sansec.fabrictest.sdk.SdkMain.main(SdkMain.java:62) ~[classes/:?]
[2023-06-25 15:58:37] [WARN ] org.hyperledger.fabric.sdk.helper.Config.<init>(Config.java:127) org.hyperledger.fabric.sdk.helper.Config - Failed to load any configuration from: config.properties. Using toolkit defaults
[2023-06-25 15:58:38] [INFO ] org.hyperledger.fabric.sdk.Channel.initialize(Channel.java:1149) org.hyperledger.fabric.sdk.Channel - Channel Channel{id: 3, name: mychannel} eventThread started shutdown: false  thread: null 
[2023-06-25 15:58:38] [ERROR] com.sansec.fabrictest.sdk.FabricClient.queryChaincode(FabricClient.java:241) com.sansec.fabrictest.sdk.FabricClient - data get error make sure the chaincode basicinfo has been successfully instantiated and try again: chaincode basicinfo not found
[2023-06-25 16:30:44] [WARN ] org.hyperledger.fabric.sdk.helper.Config.<init>(Config.java:127) org.hyperledger.fabric.sdk.helper.Config - Failed to load any configuration from: config.properties. Using toolkit defaults
[2023-06-25 16:30:44] [INFO ] org.hyperledger.fabric.sdk.transaction.InstallProposalBuilder.createNetModeTransaction(InstallProposalBuilder.java:244) org.hyperledger.fabric.sdk.transaction.InstallProposalBuilder - Installing 'basicinfo::basicinfo::2.0' language Go chaincode from directory: 'E:\sansec\chaincode\src\basicinfo' with source location: 'src\basicinfo'. chaincodePath:'basicinfo'
[2023-06-25 16:30:45] [INFO ] com.sansec.fabrictest.sdk.FabricClient.installChaincode(FabricClient.java:76) com.sansec.fabrictest.sdk.FabricClient - peer0.org1.example.com installed sucess
[2023-06-25 16:30:45] [INFO ] com.sansec.fabrictest.sdk.FabricClient.installChaincode(FabricClient.java:76) com.sansec.fabrictest.sdk.FabricClient - peer1.org1.example.com installed sucess
[2023-06-25 16:30:45] [INFO ] org.hyperledger.fabric.sdk.transaction.InstallProposalBuilder.createNetModeTransaction(InstallProposalBuilder.java:244) org.hyperledger.fabric.sdk.transaction.InstallProposalBuilder - Installing 'basicinfo::basicinfo::2.0' language Go chaincode from directory: 'E:\sansec\chaincode\src\basicinfo' with source location: 'src\basicinfo'. chaincodePath:'basicinfo'
[2023-06-25 16:30:45] [INFO ] com.sansec.fabrictest.sdk.FabricClient.installChaincode(FabricClient.java:76) com.sansec.fabrictest.sdk.FabricClient - peer0.org2.example.com installed sucess
[2023-06-25 16:30:45] [INFO ] com.sansec.fabrictest.sdk.FabricClient.installChaincode(FabricClient.java:76) com.sansec.fabrictest.sdk.FabricClient - peer1.org2.example.com installed sucess
[2023-06-25 16:31:08] [WARN ] org.hyperledger.fabric.sdk.helper.Config.<init>(Config.java:127) org.hyperledger.fabric.sdk.helper.Config - Failed to load any configuration from: config.properties. Using toolkit defaults
[2023-06-25 16:31:10] [INFO ] org.hyperledger.fabric.sdk.Channel.initialize(Channel.java:1149) org.hyperledger.fabric.sdk.Channel - Channel Channel{id: 3, name: mychannel} eventThread started shutdown: false  thread: null 
[2023-06-25 16:31:10] [ERROR] com.sansec.fabrictest.sdk.FabricClient.initChaincode(FabricClient.java:115) com.sansec.fabrictest.sdk.FabricClient - cannot get package for chaincode (basicinfo:1.0) init fail
[2023-06-25 16:31:10] [INFO ] org.hyperledger.fabric.sdk.Channel.initialize(Channel.java:1149) org.hyperledger.fabric.sdk.Channel - Channel Channel{id: 8, name: mychannel} eventThread started shutdown: false  thread: null 
[2023-06-25 16:33:05] [WARN ] org.hyperledger.fabric.sdk.helper.Config.<init>(Config.java:127) org.hyperledger.fabric.sdk.helper.Config - Failed to load any configuration from: config.properties. Using toolkit defaults
[2023-06-25 16:33:06] [INFO ] org.hyperledger.fabric.sdk.Channel.initialize(Channel.java:1149) org.hyperledger.fabric.sdk.Channel - Channel Channel{id: 3, name: mychannel} eventThread started shutdown: false  thread: null 
[2023-06-25 16:33:06] [ERROR] com.sansec.fabrictest.sdk.FabricClient.initChaincode(FabricClient.java:115) com.sansec.fabrictest.sdk.FabricClient - cannot get package for chaincode (basicinfo:1.0) init fail
[2023-06-25 16:33:07] [INFO ] org.hyperledger.fabric.sdk.Channel.initialize(Channel.java:1149) org.hyperledger.fabric.sdk.Channel - Channel Channel{id: 8, name: mychannel} eventThread started shutdown: false  thread: null 
[2023-06-25 16:33:07] [ERROR] com.sansec.fabrictest.sdk.FabricClient.upgradeChaincode(FabricClient.java:160) com.sansec.fabrictest.sdk.FabricClient - could not find chaincode with name 'basicinfo' upgrade fail
[2023-06-25 16:33:07] [INFO ] org.hyperledger.fabric.sdk.Channel.initialize(Channel.java:1149) org.hyperledger.fabric.sdk.Channel - Channel Channel{id: 14, name: mychannel} eventThread started shutdown: false  thread: null 
[2023-06-25 16:33:07] [ERROR] com.sansec.fabrictest.sdk.FabricClient.invoke(FabricClient.java:200) com.sansec.fabrictest.sdk.FabricClient - make sure the chaincode basicinfo has been successfully instantiated and try again: chaincode basicinfo not found invoke proposal save fail on peer0.org1.example.com
[2023-06-25 16:33:07] [ERROR] com.sansec.fabrictest.sdk.FabricClient.invoke(FabricClient.java:200) com.sansec.fabrictest.sdk.FabricClient - make sure the chaincode basicinfo has been successfully instantiated and try again: chaincode basicinfo not found invoke proposal save fail on peer0.org2.example.com
[2023-06-25 16:33:45] [WARN ] org.hyperledger.fabric.sdk.helper.Config.<init>(Config.java:127) org.hyperledger.fabric.sdk.helper.Config - Failed to load any configuration from: config.properties. Using toolkit defaults
[2023-06-25 16:33:47] [INFO ] org.hyperledger.fabric.sdk.Channel.initialize(Channel.java:1149) org.hyperledger.fabric.sdk.Channel - Channel Channel{id: 3, name: mychannel} eventThread started shutdown: false  thread: null 
[2023-06-25 16:33:47] [ERROR] com.sansec.fabrictest.sdk.FabricClient.initChaincode(FabricClient.java:115) com.sansec.fabrictest.sdk.FabricClient - cannot get package for chaincode (basicinfo:1.0) init fail
[2023-06-25 16:35:29] [WARN ] org.hyperledger.fabric.sdk.helper.Config.<init>(Config.java:127) org.hyperledger.fabric.sdk.helper.Config - Failed to load any configuration from: config.properties. Using toolkit defaults
[2023-06-25 16:35:29] [INFO ] org.hyperledger.fabric.sdk.transaction.InstallProposalBuilder.createNetModeTransaction(InstallProposalBuilder.java:244) org.hyperledger.fabric.sdk.transaction.InstallProposalBuilder - Installing 'basicinfo::basicinfo::2.0' language Go chaincode from directory: 'E:\sansec\chaincode\src\basicinfo' with source location: 'src\basicinfo'. chaincodePath:'basicinfo'
[2023-06-25 16:35:30] [ERROR] com.sansec.fabrictest.sdk.FabricClient.installChaincode(FabricClient.java:78) com.sansec.fabrictest.sdk.FabricClient - error installing chaincode code basicinfo:2.0(chaincode /var/hyperledger/production/chaincodes/basicinfo.2.0 exists) installed fail
[2023-06-25 16:35:30] [ERROR] com.sansec.fabrictest.sdk.FabricClient.installChaincode(FabricClient.java:78) com.sansec.fabrictest.sdk.FabricClient - error installing chaincode code basicinfo:2.0(chaincode /var/hyperledger/production/chaincodes/basicinfo.2.0 exists) installed fail
[2023-06-25 16:35:30] [INFO ] org.hyperledger.fabric.sdk.transaction.InstallProposalBuilder.createNetModeTransaction(InstallProposalBuilder.java:244) org.hyperledger.fabric.sdk.transaction.InstallProposalBuilder - Installing 'basicinfo::basicinfo::2.0' language Go chaincode from directory: 'E:\sansec\chaincode\src\basicinfo' with source location: 'src\basicinfo'. chaincodePath:'basicinfo'
[2023-06-25 16:35:30] [ERROR] com.sansec.fabrictest.sdk.FabricClient.installChaincode(FabricClient.java:78) com.sansec.fabrictest.sdk.FabricClient - error installing chaincode code basicinfo:2.0(chaincode /var/hyperledger/production/chaincodes/basicinfo.2.0 exists) installed fail
[2023-06-25 16:35:30] [ERROR] com.sansec.fabrictest.sdk.FabricClient.installChaincode(FabricClient.java:78) com.sansec.fabrictest.sdk.FabricClient - error installing chaincode code basicinfo:2.0(chaincode /var/hyperledger/production/chaincodes/basicinfo.2.0 exists) installed fail
[2023-06-25 16:35:31] [INFO ] org.hyperledger.fabric.sdk.Channel.initialize(Channel.java:1149) org.hyperledger.fabric.sdk.Channel - Channel Channel{id: 13, name: mychannel} eventThread started shutdown: false  thread: null 
[2023-06-25 16:35:31] [ERROR] com.sansec.fabrictest.sdk.FabricClient.initChaincode(FabricClient.java:115) com.sansec.fabrictest.sdk.FabricClient - cannot get package for chaincode (basicinfo:1.0) init fail
[2023-06-25 16:37:33] [WARN ] org.hyperledger.fabric.sdk.helper.Config.<init>(Config.java:127) org.hyperledger.fabric.sdk.helper.Config - Failed to load any configuration from: config.properties. Using toolkit defaults
[2023-06-25 16:37:34] [INFO ] org.hyperledger.fabric.sdk.Channel.initialize(Channel.java:1149) org.hyperledger.fabric.sdk.Channel - Channel Channel{id: 3, name: mychannel} eventThread started shutdown: false  thread: null 
[2023-06-25 16:37:58] [INFO ] com.sansec.fabrictest.sdk.FabricClient.initChaincode(FabricClient.java:113) com.sansec.fabrictest.sdk.FabricClient - peer0.org1.example.com init sucess
[2023-06-25 16:38:24] [WARN ] org.hyperledger.fabric.sdk.helper.Config.<init>(Config.java:127) org.hyperledger.fabric.sdk.helper.Config - Failed to load any configuration from: config.properties. Using toolkit defaults
[2023-06-25 16:38:25] [INFO ] org.hyperledger.fabric.sdk.Channel.initialize(Channel.java:1149) org.hyperledger.fabric.sdk.Channel - Channel Channel{id: 4, name: mychannel} eventThread started shutdown: false  thread: null 
[2023-06-25 16:38:49] [INFO ] com.sansec.fabrictest.sdk.FabricClient.invoke(FabricClient.java:197) com.sansec.fabrictest.sdk.FabricClient - peer0.org1.example.com invoke proposal save sucess
[2023-06-25 16:38:49] [INFO ] com.sansec.fabrictest.sdk.FabricClient.invoke(FabricClient.java:197) com.sansec.fabrictest.sdk.FabricClient - peer0.org2.example.com invoke proposal save sucess
[2023-06-25 16:38:49] [INFO ] org.hyperledger.fabric.sdk.Channel.initialize(Channel.java:1149) org.hyperledger.fabric.sdk.Channel - Channel Channel{id: 12, name: mychannel} eventThread started shutdown: false  thread: null 
[2023-06-25 16:38:49] [INFO ] com.sansec.fabrictest.sdk.FabricClient.queryChaincode(FabricClient.java:237) com.sansec.fabrictest.sdk.FabricClient - data is <ByteString@5d8445d7 size=0>
[2023-06-25 16:39:14] [WARN ] org.hyperledger.fabric.sdk.helper.Config.<init>(Config.java:127) org.hyperledger.fabric.sdk.helper.Config - Failed to load any configuration from: config.properties. Using toolkit defaults
[2023-06-25 16:39:16] [INFO ] org.hyperledger.fabric.sdk.Channel.initialize(Channel.java:1149) org.hyperledger.fabric.sdk.Channel - Channel Channel{id: 3, name: mychannel} eventThread started shutdown: false  thread: null 
[2023-06-25 16:39:16] [INFO ] com.sansec.fabrictest.sdk.FabricClient.queryChaincode(FabricClient.java:237) com.sansec.fabrictest.sdk.FabricClient - data is <ByteString@182f1e9a size=62>
[2023-06-25 16:39:46] [WARN ] org.hyperledger.fabric.sdk.helper.Config.<init>(Config.java:127) org.hyperledger.fabric.sdk.helper.Config - Failed to load any configuration from: config.properties. Using toolkit defaults
[2023-06-25 16:39:48] [INFO ] org.hyperledger.fabric.sdk.Channel.initialize(Channel.java:1149) org.hyperledger.fabric.sdk.Channel - Channel Channel{id: 3, name: mychannel} eventThread started shutdown: false  thread: null 
[2023-06-25 16:39:48] [INFO ] com.sansec.fabrictest.sdk.FabricClient.queryChaincode(FabricClient.java:237) com.sansec.fabrictest.sdk.FabricClient - data is <ByteString@4cc547a size=62>
[2023-06-27 16:36:38] [WARN ] org.hyperledger.fabric.sdk.helper.Config.<init>(Config.java:127) org.hyperledger.fabric.sdk.helper.Config - Failed to load any configuration from: config.properties. Using toolkit defaults
[2023-06-27 16:36:38] [INFO ] org.hyperledger.fabric.sdk.transaction.InstallProposalBuilder.createNetModeTransaction(InstallProposalBuilder.java:244) org.hyperledger.fabric.sdk.transaction.InstallProposalBuilder - Installing 'orderManage::orderManage::1.0' language Go chaincode from directory: 'E:\sansec\chaincode\src\orderManage' with source location: 'src\orderManage'. chaincodePath:'orderManage'
[2023-06-27 16:36:39] [INFO ] com.sansec.fabrictest.sdk.FabricClient.installChaincode(FabricClient.java:76) com.sansec.fabrictest.sdk.FabricClient - peer0.org1.example.com installed success
[2023-06-27 16:36:39] [INFO ] com.sansec.fabrictest.sdk.FabricClient.installChaincode(FabricClient.java:76) com.sansec.fabrictest.sdk.FabricClient - peer1.org1.example.com installed success
[2023-06-27 16:36:39] [INFO ] org.hyperledger.fabric.sdk.transaction.InstallProposalBuilder.createNetModeTransaction(InstallProposalBuilder.java:244) org.hyperledger.fabric.sdk.transaction.InstallProposalBuilder - Installing 'orderManage::orderManage::1.0' language Go chaincode from directory: 'E:\sansec\chaincode\src\orderManage' with source location: 'src\orderManage'. chaincodePath:'orderManage'
[2023-06-27 16:36:39] [INFO ] com.sansec.fabrictest.sdk.FabricClient.installChaincode(FabricClient.java:76) com.sansec.fabrictest.sdk.FabricClient - peer0.org2.example.com installed success
[2023-06-27 16:36:39] [INFO ] com.sansec.fabrictest.sdk.FabricClient.installChaincode(FabricClient.java:76) com.sansec.fabrictest.sdk.FabricClient - peer1.org2.example.com installed success
[2023-06-27 16:37:05] [WARN ] org.hyperledger.fabric.sdk.helper.Config.<init>(Config.java:127) org.hyperledger.fabric.sdk.helper.Config - Failed to load any configuration from: config.properties. Using toolkit defaults
[2023-06-27 16:37:06] [INFO ] org.hyperledger.fabric.sdk.Channel.initialize(Channel.java:1149) org.hyperledger.fabric.sdk.Channel - Channel Channel{id: 3, name: mychannel} eventThread started shutdown: false  thread: null 
[2023-06-27 16:37:07] [ERROR] com.sansec.fabrictest.sdk.FabricClient.initChaincode(FabricClient.java:115) com.sansec.fabrictest.sdk.FabricClient - error starting container: error starting container: Failed to generate platform-specific docker build: Error returned from build: 1 "chaincode/input/src/orderManage/orderManage.go:11:2: cannot find package "github.com/tjfoc/gmsm/sm2" in any of:
	/opt/go/src/github.com/tjfoc/gmsm/sm2 (from $GOROOT)
	/chaincode/input/src/github.com/tjfoc/gmsm/sm2 (from $GOPATH)
	/opt/gopath/src/github.com/tjfoc/gmsm/sm2
" init fail
[2023-06-27 18:25:06] [WARN ] org.hyperledger.fabric.sdk.helper.Config.<init>(Config.java:127) org.hyperledger.fabric.sdk.helper.Config - Failed to load any configuration from: config.properties. Using toolkit defaults
[2023-06-27 18:25:07] [INFO ] org.hyperledger.fabric.sdk.Channel.initialize(Channel.java:1149) org.hyperledger.fabric.sdk.Channel - Channel Channel{id: 3, name: mychannel} eventThread started shutdown: false  thread: null 
[2023-06-27 18:25:10] [ERROR] com.sansec.fabrictest.sdk.FabricClient.initChaincode(FabricClient.java:115) com.sansec.fabrictest.sdk.FabricClient - error starting container: error starting container: Failed to generate platform-specific docker build: Error returned from build: 1 "chaincode/input/src/orderManage/orderManage.go:11:2: cannot find package "github.com/tjfoc/gmsm/sm2" in any of:
	/opt/go/src/github.com/tjfoc/gmsm/sm2 (from $GOROOT)
	/chaincode/input/src/github.com/tjfoc/gmsm/sm2 (from $GOPATH)
	/opt/gopath/src/github.com/tjfoc/gmsm/sm2
" init fail
[2023-06-27 18:37:23] [WARN ] org.hyperledger.fabric.sdk.helper.Config.<init>(Config.java:127) org.hyperledger.fabric.sdk.helper.Config - Failed to load any configuration from: config.properties. Using toolkit defaults
[2023-06-27 18:37:23] [INFO ] org.hyperledger.fabric.sdk.transaction.InstallProposalBuilder.createNetModeTransaction(InstallProposalBuilder.java:244) org.hyperledger.fabric.sdk.transaction.InstallProposalBuilder - Installing 'orderManage::orderManage::1.0' language Go chaincode from directory: 'E:\sansec\chaincode\src\orderManage' with source location: 'src\orderManage'. chaincodePath:'orderManage'
[2023-06-27 18:37:24] [ERROR] com.sansec.fabrictest.sdk.FabricClient.installChaincode(FabricClient.java:78) com.sansec.fabrictest.sdk.FabricClient - error installing chaincode code orderManage:1.0(chaincode /var/hyperledger/production/chaincodes/orderManage.1.0 exists) installed fail
[2023-06-27 18:37:24] [ERROR] com.sansec.fabrictest.sdk.FabricClient.installChaincode(FabricClient.java:78) com.sansec.fabrictest.sdk.FabricClient - error installing chaincode code orderManage:1.0(chaincode /var/hyperledger/production/chaincodes/orderManage.1.0 exists) installed fail
[2023-06-27 18:37:24] [INFO ] org.hyperledger.fabric.sdk.transaction.InstallProposalBuilder.createNetModeTransaction(InstallProposalBuilder.java:244) org.hyperledger.fabric.sdk.transaction.InstallProposalBuilder - Installing 'orderManage::orderManage::1.0' language Go chaincode from directory: 'E:\sansec\chaincode\src\orderManage' with source location: 'src\orderManage'. chaincodePath:'orderManage'
[2023-06-27 18:37:24] [ERROR] com.sansec.fabrictest.sdk.FabricClient.installChaincode(FabricClient.java:78) com.sansec.fabrictest.sdk.FabricClient - error installing chaincode code orderManage:1.0(chaincode /var/hyperledger/production/chaincodes/orderManage.1.0 exists) installed fail
[2023-06-27 18:37:24] [ERROR] com.sansec.fabrictest.sdk.FabricClient.installChaincode(FabricClient.java:78) com.sansec.fabrictest.sdk.FabricClient - error installing chaincode code orderManage:1.0(chaincode /var/hyperledger/production/chaincodes/orderManage.1.0 exists) installed fail
[2023-06-27 18:37:46] [WARN ] org.hyperledger.fabric.sdk.helper.Config.<init>(Config.java:127) org.hyperledger.fabric.sdk.helper.Config - Failed to load any configuration from: config.properties. Using toolkit defaults
[2023-06-27 18:37:47] [INFO ] org.hyperledger.fabric.sdk.transaction.InstallProposalBuilder.createNetModeTransaction(InstallProposalBuilder.java:244) org.hyperledger.fabric.sdk.transaction.InstallProposalBuilder - Installing 'orderManage::orderManage::1.1' language Go chaincode from directory: 'E:\sansec\chaincode\src\orderManage' with source location: 'src\orderManage'. chaincodePath:'orderManage'
[2023-06-27 18:37:48] [INFO ] com.sansec.fabrictest.sdk.FabricClient.installChaincode(FabricClient.java:76) com.sansec.fabrictest.sdk.FabricClient - peer0.org1.example.com installed success
[2023-06-27 18:37:48] [INFO ] com.sansec.fabrictest.sdk.FabricClient.installChaincode(FabricClient.java:76) com.sansec.fabrictest.sdk.FabricClient - peer1.org1.example.com installed success
[2023-06-27 18:37:48] [INFO ] org.hyperledger.fabric.sdk.transaction.InstallProposalBuilder.createNetModeTransaction(InstallProposalBuilder.java:244) org.hyperledger.fabric.sdk.transaction.InstallProposalBuilder - Installing 'orderManage::orderManage::1.1' language Go chaincode from directory: 'E:\sansec\chaincode\src\orderManage' with source location: 'src\orderManage'. chaincodePath:'orderManage'
[2023-06-27 18:37:48] [INFO ] com.sansec.fabrictest.sdk.FabricClient.installChaincode(FabricClient.java:76) com.sansec.fabrictest.sdk.FabricClient - peer0.org2.example.com installed success
[2023-06-27 18:37:48] [INFO ] com.sansec.fabrictest.sdk.FabricClient.installChaincode(FabricClient.java:76) com.sansec.fabrictest.sdk.FabricClient - peer1.org2.example.com installed success
[2023-06-27 18:38:11] [WARN ] org.hyperledger.fabric.sdk.helper.Config.<init>(Config.java:127) org.hyperledger.fabric.sdk.helper.Config - Failed to load any configuration from: config.properties. Using toolkit defaults
[2023-06-27 18:38:12] [INFO ] org.hyperledger.fabric.sdk.Channel.initialize(Channel.java:1149) org.hyperledger.fabric.sdk.Channel - Channel Channel{id: 3, name: mychannel} eventThread started shutdown: false  thread: null 
[2023-06-27 18:38:37] [INFO ] com.sansec.fabrictest.sdk.FabricClient.initChaincode(FabricClient.java:113) com.sansec.fabrictest.sdk.FabricClient - peer0.org1.example.com init sucess
[2023-06-27 18:38:56] [WARN ] org.hyperledger.fabric.sdk.helper.Config.<init>(Config.java:127) org.hyperledger.fabric.sdk.helper.Config - Failed to load any configuration from: config.properties. Using toolkit defaults
[2023-06-27 18:38:57] [INFO ] org.hyperledger.fabric.sdk.Channel.initialize(Channel.java:1149) org.hyperledger.fabric.sdk.Channel - Channel Channel{id: 4, name: mychannel} eventThread started shutdown: false  thread: null 
[2023-06-27 18:39:22] [ERROR] com.sansec.fabrictest.sdk.FabricClient.invoke(FabricClient.java:200) com.sansec.fabrictest.sdk.FabricClient - Invalid function name. invoke proposal save fail on peer0.org1.example.com
[2023-06-27 18:39:22] [ERROR] com.sansec.fabrictest.sdk.FabricClient.invoke(FabricClient.java:200) com.sansec.fabrictest.sdk.FabricClient - Invalid function name. invoke proposal save fail on peer0.org2.example.com
[2023-06-27 18:39:56] [WARN ] org.hyperledger.fabric.sdk.helper.Config.<init>(Config.java:127) org.hyperledger.fabric.sdk.helper.Config - Failed to load any configuration from: config.properties. Using toolkit defaults
[2023-06-27 18:39:58] [INFO ] org.hyperledger.fabric.sdk.Channel.initialize(Channel.java:1149) org.hyperledger.fabric.sdk.Channel - Channel Channel{id: 4, name: mychannel} eventThread started shutdown: false  thread: null 
[2023-06-27 18:39:58] [ERROR] com.sansec.fabrictest.sdk.FabricClient.invoke(FabricClient.java:200) com.sansec.fabrictest.sdk.FabricClient - Expecting 7 arguments: OrderID, Name, Quantity, Amount, OrderTime, BuyerID, SellerID invoke proposal createOrder fail on peer0.org1.example.com
[2023-06-27 18:39:58] [ERROR] com.sansec.fabrictest.sdk.FabricClient.invoke(FabricClient.java:200) com.sansec.fabrictest.sdk.FabricClient - Expecting 7 arguments: OrderID, Name, Quantity, Amount, OrderTime, BuyerID, SellerID invoke proposal createOrder fail on peer0.org2.example.com
[2023-06-27 18:44:48] [WARN ] org.hyperledger.fabric.sdk.helper.Config.<init>(Config.java:127) org.hyperledger.fabric.sdk.helper.Config - Failed to load any configuration from: config.properties. Using toolkit defaults
[2023-06-27 18:44:48] [INFO ] org.hyperledger.fabric.sdk.transaction.InstallProposalBuilder.createNetModeTransaction(InstallProposalBuilder.java:244) org.hyperledger.fabric.sdk.transaction.InstallProposalBuilder - Installing 'orderManage::orderManage::1.2' language Go chaincode from directory: 'E:\sansec\chaincode\src\orderManage' with source location: 'src\orderManage'. chaincodePath:'orderManage'
[2023-06-27 18:44:49] [INFO ] com.sansec.fabrictest.sdk.FabricClient.installChaincode(FabricClient.java:76) com.sansec.fabrictest.sdk.FabricClient - peer0.org1.example.com installed success
[2023-06-27 18:44:49] [INFO ] com.sansec.fabrictest.sdk.FabricClient.installChaincode(FabricClient.java:76) com.sansec.fabrictest.sdk.FabricClient - peer1.org1.example.com installed success
[2023-06-27 18:44:49] [INFO ] org.hyperledger.fabric.sdk.transaction.InstallProposalBuilder.createNetModeTransaction(InstallProposalBuilder.java:244) org.hyperledger.fabric.sdk.transaction.InstallProposalBuilder - Installing 'orderManage::orderManage::1.2' language Go chaincode from directory: 'E:\sansec\chaincode\src\orderManage' with source location: 'src\orderManage'. chaincodePath:'orderManage'
[2023-06-27 18:44:49] [INFO ] com.sansec.fabrictest.sdk.FabricClient.installChaincode(FabricClient.java:76) com.sansec.fabrictest.sdk.FabricClient - peer0.org2.example.com installed success
[2023-06-27 18:44:49] [INFO ] com.sansec.fabrictest.sdk.FabricClient.installChaincode(FabricClient.java:76) com.sansec.fabrictest.sdk.FabricClient - peer1.org2.example.com installed success
[2023-06-27 18:44:49] [INFO ] org.hyperledger.fabric.sdk.Channel.initialize(Channel.java:1149) org.hyperledger.fabric.sdk.Channel - Channel Channel{id: 13, name: mychannel} eventThread started shutdown: false  thread: null 
[2023-06-27 18:45:13] [INFO ] com.sansec.fabrictest.sdk.FabricClient.upgradeChaincode(FabricClient.java:158) com.sansec.fabrictest.sdk.FabricClient - peer0.org1.example.com upgrade success
[2023-06-27 18:45:13] [INFO ] org.hyperledger.fabric.sdk.Channel.initialize(Channel.java:1149) org.hyperledger.fabric.sdk.Channel - Channel Channel{id: 20, name: mychannel} eventThread started shutdown: false  thread: null 
[2023-06-27 18:45:14] [ERROR] com.sansec.fabrictest.sdk.FabricClient.invoke(FabricClient.java:200) com.sansec.fabrictest.sdk.FabricClient - Expecting 7 arguments: OrderID, Name, Quantity, Amount, OrderTime, BuyerID, SellerID invoke proposal createOrder fail on peer0.org1.example.com
[2023-06-27 18:45:14] [ERROR] com.sansec.fabrictest.sdk.FabricClient.invoke(FabricClient.java:200) com.sansec.fabrictest.sdk.FabricClient - Expecting 7 arguments: OrderID, Name, Quantity, Amount, OrderTime, BuyerID, SellerID invoke proposal createOrder fail on peer0.org2.example.com
[2023-06-27 18:49:39] [WARN ] org.hyperledger.fabric.sdk.helper.Config.<init>(Config.java:127) org.hyperledger.fabric.sdk.helper.Config - Failed to load any configuration from: config.properties. Using toolkit defaults
[2023-06-27 18:49:40] [INFO ] org.hyperledger.fabric.sdk.transaction.InstallProposalBuilder.createNetModeTransaction(InstallProposalBuilder.java:244) org.hyperledger.fabric.sdk.transaction.InstallProposalBuilder - Installing 'orderManage::orderManage::1.2' language Go chaincode from directory: 'E:\sansec\chaincode\src\orderManage' with source location: 'src\orderManage'. chaincodePath:'orderManage'
[2023-06-27 18:49:41] [ERROR] com.sansec.fabrictest.sdk.FabricClient.installChaincode(FabricClient.java:78) com.sansec.fabrictest.sdk.FabricClient - error installing chaincode code orderManage:1.2(chaincode /var/hyperledger/production/chaincodes/orderManage.1.2 exists) installed fail
[2023-06-27 18:49:41] [ERROR] com.sansec.fabrictest.sdk.FabricClient.installChaincode(FabricClient.java:78) com.sansec.fabrictest.sdk.FabricClient - error installing chaincode code orderManage:1.2(chaincode /var/hyperledger/production/chaincodes/orderManage.1.2 exists) installed fail
[2023-06-27 18:49:41] [INFO ] org.hyperledger.fabric.sdk.transaction.InstallProposalBuilder.createNetModeTransaction(InstallProposalBuilder.java:244) org.hyperledger.fabric.sdk.transaction.InstallProposalBuilder - Installing 'orderManage::orderManage::1.2' language Go chaincode from directory: 'E:\sansec\chaincode\src\orderManage' with source location: 'src\orderManage'. chaincodePath:'orderManage'
[2023-06-27 18:49:41] [ERROR] com.sansec.fabrictest.sdk.FabricClient.installChaincode(FabricClient.java:78) com.sansec.fabrictest.sdk.FabricClient - error installing chaincode code orderManage:1.2(chaincode /var/hyperledger/production/chaincodes/orderManage.1.2 exists) installed fail
[2023-06-27 18:49:41] [ERROR] com.sansec.fabrictest.sdk.FabricClient.installChaincode(FabricClient.java:78) com.sansec.fabrictest.sdk.FabricClient - error installing chaincode code orderManage:1.2(chaincode /var/hyperledger/production/chaincodes/orderManage.1.2 exists) installed fail
[2023-06-27 18:49:41] [INFO ] org.hyperledger.fabric.sdk.Channel.initialize(Channel.java:1149) org.hyperledger.fabric.sdk.Channel - Channel Channel{id: 13, name: mychannel} eventThread started shutdown: false  thread: null 
[2023-06-27 18:49:41] [ERROR] com.sansec.fabrictest.sdk.FabricClient.initChaincode(FabricClient.java:115) com.sansec.fabrictest.sdk.FabricClient - chaincode with name 'orderManage' already exists init fail
[2023-06-27 18:49:41] [INFO ] org.hyperledger.fabric.sdk.Channel.initialize(Channel.java:1149) org.hyperledger.fabric.sdk.Channel - Channel Channel{id: 18, name: mychannel} eventThread started shutdown: false  thread: null 
[2023-06-27 18:49:41] [ERROR] com.sansec.fabrictest.sdk.FabricClient.upgradeChaincode(FabricClient.java:160) com.sansec.fabrictest.sdk.FabricClient - version already exists for chaincode with name 'orderManage' upgrade fail
[2023-06-27 18:49:42] [INFO ] org.hyperledger.fabric.sdk.Channel.initialize(Channel.java:1149) org.hyperledger.fabric.sdk.Channel - Channel Channel{id: 24, name: mychannel} eventThread started shutdown: false  thread: null 
[2023-06-27 18:49:42] [WARN ] org.hyperledger.fabric.sdk.EndorserClient.finalize(EndorserClient.java:149) org.hyperledger.fabric.sdk.EndorserClient - EndorserClient{id: 10, channel: null, name:peer1.org2.example.com, url: grpcs://peer1.org2.example.com:10051} finalized not shutdown is Activetrue
[2023-06-27 18:49:42] [WARN ] org.hyperledger.fabric.sdk.EndorserClient.finalize(EndorserClient.java:149) org.hyperledger.fabric.sdk.EndorserClient - EndorserClient{id: 9, channel: null, name:peer0.org2.example.com, url: grpcs://peer0.org2.example.com:9051} finalized not shutdown is Activetrue
[2023-06-27 18:50:06] [ERROR] com.sansec.fabrictest.sdk.FabricClient.invoke(FabricClient.java:200) com.sansec.fabrictest.sdk.FabricClient - Expecting 7 arguments: OrderID, Name, Quantity, Amount, OrderTime, BuyerID, SellerID, now have2 invoke proposal createOrder fail on peer0.org1.example.com
[2023-06-27 18:50:06] [ERROR] com.sansec.fabrictest.sdk.FabricClient.invoke(FabricClient.java:200) com.sansec.fabrictest.sdk.FabricClient - Expecting 7 arguments: OrderID, Name, Quantity, Amount, OrderTime, BuyerID, SellerID, now have2 invoke proposal createOrder fail on peer0.org2.example.com
[2023-06-27 18:58:24] [WARN ] org.hyperledger.fabric.sdk.helper.Config.<init>(Config.java:127) org.hyperledger.fabric.sdk.helper.Config - Failed to load any configuration from: config.properties. Using toolkit defaults
[2023-06-27 18:58:25] [INFO ] org.hyperledger.fabric.sdk.Channel.initialize(Channel.java:1149) org.hyperledger.fabric.sdk.Channel - Channel Channel{id: 4, name: mychannel} eventThread started shutdown: false  thread: null 
[2023-06-27 18:58:25] [ERROR] com.sansec.fabrictest.sdk.FabricClient.invoke(FabricClient.java:200) com.sansec.fabrictest.sdk.FabricClient - Expecting 7 arguments: OrderID, Name, Quantity, Amount, OrderTime, BuyerID, SellerID, now have2 invoke proposal createOrder fail on peer0.org1.example.com
[2023-06-27 18:58:25] [ERROR] com.sansec.fabrictest.sdk.FabricClient.invoke(FabricClient.java:200) com.sansec.fabrictest.sdk.FabricClient - Expecting 7 arguments: OrderID, Name, Quantity, Amount, OrderTime, BuyerID, SellerID, now have2 invoke proposal createOrder fail on peer0.org2.example.com
[2023-06-27 19:02:11] [WARN ] org.hyperledger.fabric.sdk.helper.Config.<init>(Config.java:127) org.hyperledger.fabric.sdk.helper.Config - Failed to load any configuration from: config.properties. Using toolkit defaults
[2023-06-27 19:02:12] [INFO ] org.hyperledger.fabric.sdk.Channel.initialize(Channel.java:1149) org.hyperledger.fabric.sdk.Channel - Channel Channel{id: 4, name: mychannel} eventThread started shutdown: false  thread: null 
[2023-06-27 19:02:12] [INFO ] com.sansec.fabrictest.sdk.FabricClient.invoke(FabricClient.java:197) com.sansec.fabrictest.sdk.FabricClient - peer0.org1.example.com invoke proposal createOrder success
[2023-06-27 19:02:12] [INFO ] com.sansec.fabrictest.sdk.FabricClient.invoke(FabricClient.java:197) com.sansec.fabrictest.sdk.FabricClient - peer0.org2.example.com invoke proposal createOrder success
[2023-06-27 19:02:30] [WARN ] org.hyperledger.fabric.sdk.helper.Config.<init>(Config.java:127) org.hyperledger.fabric.sdk.helper.Config - Failed to load any configuration from: config.properties. Using toolkit defaults
[2023-06-27 19:02:32] [INFO ] org.hyperledger.fabric.sdk.Channel.initialize(Channel.java:1149) org.hyperledger.fabric.sdk.Channel - Channel Channel{id: 3, name: mychannel} eventThread started shutdown: false  thread: null 
[2023-06-27 19:02:32] [INFO ] com.sansec.fabrictest.sdk.FabricClient.queryChaincode(FabricClient.java:237) com.sansec.fabrictest.sdk.FabricClient - data is <ByteString@4152d38d size=191>
[2023-06-27 19:13:41] [WARN ] org.hyperledger.fabric.sdk.helper.Config.<init>(Config.java:127) org.hyperledger.fabric.sdk.helper.Config - Failed to load any configuration from: config.properties. Using toolkit defaults
[2023-06-27 19:13:42] [INFO ] org.hyperledger.fabric.sdk.Channel.initialize(Channel.java:1149) org.hyperledger.fabric.sdk.Channel - Channel Channel{id: 4, name: mychannel} eventThread started shutdown: false  thread: null 
[2023-06-27 19:13:42] [INFO ] com.sansec.fabrictest.sdk.FabricClient.invoke(FabricClient.java:197) com.sansec.fabrictest.sdk.FabricClient - peer0.org1.example.com invoke proposal updateOrder success
[2023-06-27 19:13:42] [INFO ] com.sansec.fabrictest.sdk.FabricClient.invoke(FabricClient.java:197) com.sansec.fabrictest.sdk.FabricClient - peer0.org2.example.com invoke proposal updateOrder success
[2023-06-27 19:14:05] [WARN ] org.hyperledger.fabric.sdk.helper.Config.<init>(Config.java:127) org.hyperledger.fabric.sdk.helper.Config - Failed to load any configuration from: config.properties. Using toolkit defaults
[2023-06-27 19:14:07] [INFO ] org.hyperledger.fabric.sdk.Channel.initialize(Channel.java:1149) org.hyperledger.fabric.sdk.Channel - Channel Channel{id: 4, name: mychannel} eventThread started shutdown: false  thread: null 
[2023-06-27 19:14:07] [INFO ] com.sansec.fabrictest.sdk.FabricClient.invoke(FabricClient.java:197) com.sansec.fabrictest.sdk.FabricClient - peer0.org1.example.com invoke proposal addBuyerReview success
[2023-06-27 19:14:07] [INFO ] com.sansec.fabrictest.sdk.FabricClient.invoke(FabricClient.java:197) com.sansec.fabrictest.sdk.FabricClient - peer0.org2.example.com invoke proposal addBuyerReview success
[2023-06-27 19:14:26] [WARN ] org.hyperledger.fabric.sdk.helper.Config.<init>(Config.java:127) org.hyperledger.fabric.sdk.helper.Config - Failed to load any configuration from: config.properties. Using toolkit defaults
[2023-06-27 19:14:28] [INFO ] org.hyperledger.fabric.sdk.Channel.initialize(Channel.java:1149) org.hyperledger.fabric.sdk.Channel - Channel Channel{id: 4, name: mychannel} eventThread started shutdown: false  thread: null 
[2023-06-27 19:14:28] [INFO ] com.sansec.fabrictest.sdk.FabricClient.invoke(FabricClient.java:197) com.sansec.fabrictest.sdk.FabricClient - peer0.org1.example.com invoke proposal addSellerReview success
[2023-06-27 19:14:28] [INFO ] com.sansec.fabrictest.sdk.FabricClient.invoke(FabricClient.java:197) com.sansec.fabrictest.sdk.FabricClient - peer0.org2.example.com invoke proposal addSellerReview success
[2023-06-27 19:14:52] [WARN ] org.hyperledger.fabric.sdk.helper.Config.<init>(Config.java:127) org.hyperledger.fabric.sdk.helper.Config - Failed to load any configuration from: config.properties. Using toolkit defaults
[2023-06-27 19:14:53] [INFO ] org.hyperledger.fabric.sdk.Channel.initialize(Channel.java:1149) org.hyperledger.fabric.sdk.Channel - Channel Channel{id: 3, name: mychannel} eventThread started shutdown: false  thread: null 
[2023-06-27 19:14:53] [INFO ] com.sansec.fabrictest.sdk.FabricClient.queryChaincode(FabricClient.java:237) com.sansec.fabrictest.sdk.FabricClient - data is <ByteString@4cc547a size=214>
[2023-06-27 19:15:32] [WARN ] org.hyperledger.fabric.sdk.helper.Config.<init>(Config.java:127) org.hyperledger.fabric.sdk.helper.Config - Failed to load any configuration from: config.properties. Using toolkit defaults
[2023-06-27 19:15:33] [INFO ] org.hyperledger.fabric.sdk.Channel.initialize(Channel.java:1149) org.hyperledger.fabric.sdk.Channel - Channel Channel{id: 4, name: mychannel} eventThread started shutdown: false  thread: null 
[2023-06-27 19:15:33] [INFO ] com.sansec.fabrictest.sdk.FabricClient.invoke(FabricClient.java:197) com.sansec.fabrictest.sdk.FabricClient - peer0.org1.example.com invoke proposal addSellerReview success
[2023-06-27 19:15:33] [INFO ] com.sansec.fabrictest.sdk.FabricClient.invoke(FabricClient.java:197) com.sansec.fabrictest.sdk.FabricClient - peer0.org2.example.com invoke proposal addSellerReview success
[2023-06-27 19:15:47] [WARN ] org.hyperledger.fabric.sdk.helper.Config.<init>(Config.java:127) org.hyperledger.fabric.sdk.helper.Config - Failed to load any configuration from: config.properties. Using toolkit defaults
[2023-06-27 19:15:48] [INFO ] org.hyperledger.fabric.sdk.Channel.initialize(Channel.java:1149) org.hyperledger.fabric.sdk.Channel - Channel Channel{id: 3, name: mychannel} eventThread started shutdown: false  thread: null 
[2023-06-27 19:15:48] [INFO ] com.sansec.fabrictest.sdk.FabricClient.queryChaincode(FabricClient.java:237) com.sansec.fabrictest.sdk.FabricClient - data is <ByteString@4cc547a size=216>
